Copyright 1986-2022 Xilinx, Inc. All Rights Reserved.
-----------------------------------------------------------------------------------------------------------------------------------
| Tool Version : Vivado v.2022.2 (win64) Build 3671981 Fri Oct 14 05:00:03 MDT 2022
| Date         : Thu Jun 11 18:22:46 2026
| Host         : LAPTOP-CHCSI1R5 running 64-bit major release  (build 9200)
| Command      : report_utilization -file duc_cfr_dpd_wrapper_utilization_placed.rpt -pb duc_cfr_dpd_wrapper_utilization_placed.pb
| Design       : duc_cfr_dpd_wrapper
| Device       : xck26-sfvc784-2LV-c
| Speed File   : -2LV
| Design State : Fully Placed
-----------------------------------------------------------------------------------------------------------------------------------

Utilization Design Information

Table of Contents
-----------------
1. CLB Logic
1.1 Summary of Registers by Type
2. CLB Logic Distribution
3. BLOCKRAM
4. ARITHMETIC
5. I/O
6. CLOCK
7. ADVANCED
8. CONFIGURATION
9. Primitives
10. Black Boxes
11. Instantiated Netlists

1. CLB Logic
------------

+----------------------------+-------+-------+------------+-----------+-------+
|          Site Type         |  Used | Fixed | Prohibited | Available | Util% |
+----------------------------+-------+-------+------------+-----------+-------+
| CLB LUTs                   | 43333 |     0 |          0 |    117120 | 37.00 |
|   LUT as Logic             | 40685 |     0 |          0 |    117120 | 34.74 |
|   LUT as Memory            |  2648 |     0 |          0 |     57600 |  4.60 |
|     LUT as Distributed RAM |  1042 |     0 |            |           |       |
|     LUT as Shift Register  |  1606 |     0 |            |           |       |
| CLB Registers              | 23264 |     0 |          0 |    234240 |  9.93 |
|   Register as Flip Flop    | 23264 |     0 |          0 |    234240 |  9.93 |
|   Register as Latch        |     0 |     0 |          0 |    234240 |  0.00 |
| CARRY8                     |  4917 |     0 |          0 |     14640 | 33.59 |
| F7 Muxes                   |    13 |     0 |          0 |     58560 |  0.02 |
| F8 Muxes                   |     0 |     0 |          0 |     29280 |  0.00 |
| F9 Muxes                   |     0 |     0 |          0 |     14640 |  0.00 |
+----------------------------+-------+-------+------------+-----------+-------+
* Warning! LUT value is adjusted to account for LUT combining.


1.1 Summary of Registers by Type
--------------------------------

+-------+--------------+-------------+--------------+
| Total | Clock Enable | Synchronous | Asynchronous |
+-------+--------------+-------------+--------------+
| 0     |            _ |           - |            - |
| 0     |            _ |           - |          Set |
| 0     |            _ |           - |        Reset |
| 0     |            _ |         Set |            - |
| 0     |            _ |       Reset |            - |
| 0     |          Yes |           - |            - |
| 41    |          Yes |           - |          Set |
| 283   |          Yes |           - |        Reset |
| 480   |          Yes |         Set |            - |
| 22460 |          Yes |       Reset |            - |
+-------+--------------+-------------+--------------+


2. CLB Logic Distribution
-------------------------

+--------------------------------------------+-------+-------+------------+-----------+-------+
|                  Site Type                 |  Used | Fixed | Prohibited | Available | Util% |
+--------------------------------------------+-------+-------+------------+-----------+-------+
| CLB                                        |  8286 |     0 |          0 |     14640 | 56.60 |
|   CLBL                                     |  4126 |     0 |            |           |       |
|   CLBM                                     |  4160 |     0 |            |           |       |
| LUT as Logic                               | 40685 |     0 |          0 |    117120 | 34.74 |
|   using O5 output only                     |   660 |       |            |           |       |
|   using O6 output only                     | 21970 |       |            |           |       |
|   using O5 and O6                          | 18055 |       |            |           |       |
| LUT as Memory                              |  2648 |     0 |          0 |     57600 |  4.60 |
|   LUT as Distributed RAM                   |  1042 |     0 |            |           |       |
|     using O5 output only                   |     0 |       |            |           |       |
|     using O6 output only                   |     6 |       |            |           |       |
|     using O5 and O6                        |  1036 |       |            |           |       |
|   LUT as Shift Register                    |  1606 |     0 |            |           |       |
|     using O5 output only                   |     0 |       |            |           |       |
|     using O6 output only                   |  1263 |       |            |           |       |
|     using O5 and O6                        |   343 |       |            |           |       |
| CLB Registers                              | 23264 |     0 |          0 |    234240 |  9.93 |
|   Register driven from within the CLB      | 13196 |       |            |           |       |
|   Register driven from outside the CLB     | 10068 |       |            |           |       |
|     LUT in front of the register is unused |  7710 |       |            |           |       |
|     LUT in front of the register is used   |  2358 |       |            |           |       |
| Unique Control Sets                        |  1004 |       |          0 |     29280 |  3.43 |
+--------------------------------------------+-------+-------+------------+-----------+-------+
* * Note: Available Control Sets calculated as Slices * 2, Review the Control Sets Report for more information regarding control sets.


3. BLOCKRAM
-----------

+-------------------+-------+-------+------------+-----------+-------+
|     Site Type     |  Used | Fixed | Prohibited | Available | Util% |
+-------------------+-------+-------+------------+-----------+-------+
| Block RAM Tile    | 134.5 |     0 |          0 |       144 | 93.40 |
|   RAMB36/FIFO*    |   133 |     0 |          0 |       144 | 92.36 |
|     RAMB36E2 only |   133 |       |            |           |       |
|   RAMB18          |     3 |     0 |          0 |       288 |  1.04 |
|     RAMB18E2 only |     3 |       |            |           |       |
| URAM              |     0 |     0 |          0 |        64 |  0.00 |
+-------------------+-------+-------+------------+-----------+-------+
* Note: Each Block RAM Tile only has one FIFO logic available and therefore can accommodate only one FIFO36E2 or one FIFO18E2. However, if a FIFO18E2 occupies a Block RAM Tile, that tile can still accommodate a RAMB18E2


4. ARITHMETIC
-------------

+----------------+------+-------+------------+-----------+-------+
|    Site Type   | Used | Fixed | Prohibited | Available | Util% |
+----------------+------+-------+------------+-----------+-------+
| DSPs           |   74 |     0 |          0 |      1248 |  5.93 |
|   DSP48E2 only |   74 |       |            |           |       |
+----------------+------+-------+------------+-----------+-------+


5. I/O
------

+------------------+------+-------+------------+-----------+-------+
|     Site Type    | Used | Fixed | Prohibited | Available | Util% |
+------------------+------+-------+------------+-----------+-------+
| Bonded IOB       |    0 |     0 |          0 |       189 |  0.00 |
| HPIOB_M          |    0 |     0 |          0 |        58 |  0.00 |
| HPIOB_S          |    0 |     0 |          0 |        58 |  0.00 |
| HDIOB_M          |    0 |     0 |          0 |        35 |  0.00 |
| HDIOB_S          |    0 |     0 |          0 |        35 |  0.00 |
| HPIOB_SNGL       |    0 |     0 |          0 |         3 |  0.00 |
| HPIOBDIFFINBUF   |    0 |     0 |          0 |        82 |  0.00 |
| HPIOBDIFFOUTBUF  |    0 |     0 |          0 |        82 |  0.00 |
| HDIOBDIFFINBUF   |    0 |     0 |          0 |        35 |  0.00 |
| BITSLICE_CONTROL |    0 |     0 |          0 |        32 |  0.00 |
| BITSLICE_RX_TX   |    0 |     0 |          0 |      1248 |  0.00 |
| BITSLICE_TX      |    0 |     0 |          0 |        32 |  0.00 |
| RIU_OR           |    0 |     0 |          0 |        16 |  0.00 |
+------------------+------+-------+------------+-----------+-------+


6. CLOCK
--------

+----------------------+------+-------+------------+-----------+-------+
|       Site Type      | Used | Fixed | Prohibited | Available | Util% |
+----------------------+------+-------+------------+-----------+-------+
| GLOBAL CLOCK BUFFERs |    4 |     0 |          0 |       352 |  1.14 |
|   BUFGCE             |    3 |     0 |          0 |       112 |  2.68 |
|   BUFGCE_DIV         |    0 |     0 |          0 |        16 |  0.00 |
|   BUFG_GT            |    0 |     0 |          0 |        96 |  0.00 |
|   BUFG_PS            |    1 |     0 |          0 |        96 |  1.04 |
|   BUFGCTRL*          |    0 |     0 |          0 |        32 |  0.00 |
| PLL                  |    0 |     0 |          0 |         8 |  0.00 |
| MMCM                 |    0 |     0 |          0 |         4 |  0.00 |
+----------------------+------+-------+------------+-----------+-------+
* Note: Each used BUFGCTRL counts as two GLOBAL CLOCK BUFFERs. This table does not include global clocking resources, only buffer cell usage. See the Clock Utilization Report (report_clock_utilization) for detailed accounting of global clocking resource availability.


7. ADVANCED
-----------

+-----------------+------+-------+------------+-----------+--------+
|    Site Type    | Used | Fixed | Prohibited | Available |  Util% |
+-----------------+------+-------+------------+-----------+--------+
| GTHE4_CHANNEL   |    0 |     0 |          0 |         4 |   0.00 |
| GTHE4_COMMON    |    0 |     0 |          0 |         1 |   0.00 |
| OBUFDS_GTE4     |    0 |     0 |          0 |         2 |   0.00 |
| OBUFDS_GTE4_ADV |    0 |     0 |          0 |         2 |   0.00 |
| PCIE40E4        |    0 |     0 |          0 |         2 |   0.00 |
| PS8             |    1 |     0 |          0 |         1 | 100.00 |
| SYSMONE4        |    0 |     0 |          0 |         1 |   0.00 |
| VCU             |    0 |     0 |          0 |         1 |   0.00 |
+-----------------+------+-------+------------+-----------+--------+


8. CONFIGURATION
----------------

+-------------+------+-------+------------+-----------+-------+
|  Site Type  | Used | Fixed | Prohibited | Available | Util% |
+-------------+------+-------+------------+-----------+-------+
| BSCANE2     |    1 |     0 |          0 |         4 | 25.00 |
| DNA_PORTE2  |    0 |     0 |          0 |         1 |  0.00 |
| EFUSE_USR   |    0 |     0 |          0 |         1 |  0.00 |
| FRAME_ECCE4 |    0 |     0 |          0 |         1 |  0.00 |
| ICAPE3      |    0 |     0 |          0 |         2 |  0.00 |
| MASTER_JTAG |    0 |     0 |          0 |         1 |  0.00 |
| STARTUPE3   |    0 |     0 |          0 |         1 |  0.00 |
+-------------+------+-------+------------+-----------+-------+


9. Primitives
-------------

+----------+-------+---------------------+
| Ref Name |  Used | Functional Category |
+----------+-------+---------------------+
| LUT2     | 30883 |                 CLB |
| FDRE     | 22460 |            Register |
| LUT4     | 15754 |                 CLB |
| CARRY8   |  4917 |                 CLB |
| LUT3     |  4696 |                 CLB |
| LUT6     |  4449 |                 CLB |
| LUT5     |  2329 |                 CLB |
| RAMD32   |  1820 |                 CLB |
| SRLC32E  |  1072 |                 CLB |
| SRL16E   |   871 |                 CLB |
| LUT1     |   629 |                 CLB |
| FDSE     |   480 |            Register |
| FDCE     |   283 |            Register |
| RAMS32   |   258 |                 CLB |
| RAMB36E2 |   133 |            BLOCKRAM |
| DSP48E2  |    74 |          Arithmetic |
| FDPE     |    41 |            Register |
| MUXF7    |    13 |                 CLB |
| SRLC16E  |     6 |                 CLB |
| RAMB18E2 |     3 |            BLOCKRAM |
| BUFGCE   |     3 |               Clock |
| PS8      |     1 |            Advanced |
| BUFG_PS  |     1 |               Clock |
| BSCANE2  |     1 |       Configuration |
+----------+-------+---------------------+


10. Black Boxes
---------------

+----------+------+
| Ref Name | Used |
+----------+------+


11. Instantiated Netlists
-------------------------

+---------------------------------+------+
|             Ref Name            | Used |
+---------------------------------+------+
| duc_cfr_dpd_zynq_ultra_ps_e_0_0 |    1 |
| duc_cfr_dpd_system_ila_0_0      |    1 |
| duc_cfr_dpd_smartconnect_0_0    |    1 |
| duc_cfr_dpd_proc_sys_reset_0_0  |    1 |
| duc_cfr_dpd_ila_0_2             |    1 |
| duc_cfr_dpd_ila_0_0             |    1 |
| duc_cfr_dpd_halfband_fir_1_0    |    1 |
| duc_cfr_dpd_halfband_fir_0_0    |    1 |
| duc_cfr_dpd_dpd_0_0             |    1 |
| duc_cfr_dpd_cfr_0_0             |    1 |
| duc_cfr_dpd_blk_mem_gen_0_0     |    1 |
| duc_cfr_dpd_axis_upsample_1_0   |    1 |
| duc_cfr_dpd_axis_upsample_0_0   |    1 |
| duc_cfr_dpd_axi_dma_0_0         |    1 |
| duc_cfr_dpd_axi_bram_ctrl_0_0   |    1 |
| dbg_hub                         |    1 |
+---------------------------------+------+


