
*** Running vivado
    with args -log duc_wrapper.vdi -applog -m64 -product Vivado -messageDb vivado.pb -mode batch -source duc_wrapper.tcl -notrace



****** Vivado v2022.2 (64-bit)
  **** SW Build 3671981 on Fri Oct 14 05:00:03 MDT 2022
  **** IP Build 3669848 on Fri Oct 14 08:30:02 MDT 2022
    ** Copyright 1986-2022 Xilinx, Inc. All Rights Reserved.

source duc_wrapper.tcl -notrace
create_project: Time (s): cpu = 00:00:06 ; elapsed = 00:00:07 . Memory (MB): peak = 378.172 ; gain = 62.816
INFO: [IP_Flow 19-234] Refreshing IP repositories
INFO: [IP_Flow 19-1704] No user IP repositories specified
INFO: [IP_Flow 19-2313] Loaded Vivado IP repository 'D:/Xilinx/Vivado/2022.2/data/ip'.
add_files: Time (s): cpu = 00:00:10 ; elapsed = 00:00:13 . Memory (MB): peak = 514.586 ; gain = 131.680
Command: link_design -top duc_wrapper -part xck26-sfvc784-2LV-c
Design is defaulting to srcset: sources_1
Design is defaulting to constrset: constrs_1
INFO: [Device 21-403] Loading part xck26-sfvc784-2LV-c
Netlist sorting complete. Time (s): cpu = 00:00:01 ; elapsed = 00:00:00.992 . Memory (MB): peak = 1596.984 ; gain = 0.000
INFO: [Netlist 29-17] Analyzing 704 Unisim elements for replacement
INFO: [Netlist 29-28] Unisim Transformation completed in 1 CPU seconds
INFO: [Project 1-479] Netlist was created with Vivado 2022.2
INFO: [Project 1-570] Preparing netlist for logic optimization
Parsing XDC File [d:/FPGA/Vivaldo Project/Digital_Font_End_LTE/Downlink/DUC/duc/duc.gen/sources_1/bd/duc/ip/duc_zynq_ultra_ps_e_0_0/duc_zynq_ultra_ps_e_0_0.xdc] for cell 'duc_i/zynq_ultra_ps_e_0/inst'
create_clock: Time (s): cpu = 00:00:06 ; elapsed = 00:00:06 . Memory (MB): peak = 1844.719 ; gain = 32.207
Finished Parsing XDC File [d:/FPGA/Vivaldo Project/Digital_Font_End_LTE/Downlink/DUC/duc/duc.gen/sources_1/bd/duc/ip/duc_zynq_ultra_ps_e_0_0/duc_zynq_ultra_ps_e_0_0.xdc] for cell 'duc_i/zynq_ultra_ps_e_0/inst'
Parsing XDC File [d:/FPGA/Vivaldo Project/Digital_Font_End_LTE/Downlink/DUC/duc/duc.gen/sources_1/bd/duc/ip/duc_proc_sys_reset_0_0/duc_proc_sys_reset_0_0_board.xdc] for cell 'duc_i/proc_sys_reset_0/U0'
Finished Parsing XDC File [d:/FPGA/Vivaldo Project/Digital_Font_End_LTE/Downlink/DUC/duc/duc.gen/sources_1/bd/duc/ip/duc_proc_sys_reset_0_0/duc_proc_sys_reset_0_0_board.xdc] for cell 'duc_i/proc_sys_reset_0/U0'
Parsing XDC File [d:/FPGA/Vivaldo Project/Digital_Font_End_LTE/Downlink/DUC/duc/duc.gen/sources_1/bd/duc/ip/duc_proc_sys_reset_0_0/duc_proc_sys_reset_0_0.xdc] for cell 'duc_i/proc_sys_reset_0/U0'
Finished Parsing XDC File [d:/FPGA/Vivaldo Project/Digital_Font_End_LTE/Downlink/DUC/duc/duc.gen/sources_1/bd/duc/ip/duc_proc_sys_reset_0_0/duc_proc_sys_reset_0_0.xdc] for cell 'duc_i/proc_sys_reset_0/U0'
Parsing XDC File [d:/FPGA/Vivaldo Project/Digital_Font_End_LTE/Downlink/DUC/duc/duc.gen/sources_1/bd/duc/ip/duc_smartconnect_0_0/bd_0/ip/ip_1/bd_a4af_psr_aclk_0_board.xdc] for cell 'duc_i/smartconnect_0/inst/clk_map/psr_aclk/U0'
Finished Parsing XDC File [d:/FPGA/Vivaldo Project/Digital_Font_End_LTE/Downlink/DUC/duc/duc.gen/sources_1/bd/duc/ip/duc_smartconnect_0_0/bd_0/ip/ip_1/bd_a4af_psr_aclk_0_board.xdc] for cell 'duc_i/smartconnect_0/inst/clk_map/psr_aclk/U0'
Parsing XDC File [d:/FPGA/Vivaldo Project/Digital_Font_End_LTE/Downlink/DUC/duc/duc.gen/sources_1/bd/duc/ip/duc_smartconnect_0_0/bd_0/ip/ip_1/bd_a4af_psr_aclk_0.xdc] for cell 'duc_i/smartconnect_0/inst/clk_map/psr_aclk/U0'
Finished Parsing XDC File [d:/FPGA/Vivaldo Project/Digital_Font_End_LTE/Downlink/DUC/duc/duc.gen/sources_1/bd/duc/ip/duc_smartconnect_0_0/bd_0/ip/ip_1/bd_a4af_psr_aclk_0.xdc] for cell 'duc_i/smartconnect_0/inst/clk_map/psr_aclk/U0'
Parsing XDC File [d:/FPGA/Vivaldo Project/Digital_Font_End_LTE/Downlink/DUC/duc/duc.gen/sources_1/bd/duc/ip/duc_axi_dma_0_0/duc_axi_dma_0_0.xdc] for cell 'duc_i/axi_dma_0/U0'
WARNING: [Vivado_Tcl 4-921] Waiver ID 'CDC-1' -to list should not be empty. [d:/FPGA/Vivaldo Project/Digital_Font_End_LTE/Downlink/DUC/duc/duc.gen/sources_1/bd/duc/ip/duc_axi_dma_0_0/duc_axi_dma_0_0.xdc:52]
WARNING: [Vivado_Tcl 4-921] Waiver ID 'CDC-1' -to list should not be empty. [d:/FPGA/Vivaldo Project/Digital_Font_End_LTE/Downlink/DUC/duc/duc.gen/sources_1/bd/duc/ip/duc_axi_dma_0_0/duc_axi_dma_0_0.xdc:56]
WARNING: [Vivado_Tcl 4-919] Waiver ID 'CDC-1' -from list should not be empty. [d:/FPGA/Vivaldo Project/Digital_Font_End_LTE/Downlink/DUC/duc/duc.gen/sources_1/bd/duc/ip/duc_axi_dma_0_0/duc_axi_dma_0_0.xdc:61]
Finished Parsing XDC File [d:/FPGA/Vivaldo Project/Digital_Font_End_LTE/Downlink/DUC/duc/duc.gen/sources_1/bd/duc/ip/duc_axi_dma_0_0/duc_axi_dma_0_0.xdc] for cell 'duc_i/axi_dma_0/U0'
Parsing XDC File [d:/FPGA/Vivaldo Project/Digital_Font_End_LTE/Downlink/DUC/duc/duc.gen/sources_1/bd/duc/ip/duc_ila_0_0/ila_v6_2/constraints/ila_impl.xdc] for cell 'duc_i/ila_0/inst'
Finished Parsing XDC File [d:/FPGA/Vivaldo Project/Digital_Font_End_LTE/Downlink/DUC/duc/duc.gen/sources_1/bd/duc/ip/duc_ila_0_0/ila_v6_2/constraints/ila_impl.xdc] for cell 'duc_i/ila_0/inst'
Parsing XDC File [d:/FPGA/Vivaldo Project/Digital_Font_End_LTE/Downlink/DUC/duc/duc.gen/sources_1/bd/duc/ip/duc_ila_0_0/ila_v6_2/constraints/ila.xdc] for cell 'duc_i/ila_0/inst'
Finished Parsing XDC File [d:/FPGA/Vivaldo Project/Digital_Font_End_LTE/Downlink/DUC/duc/duc.gen/sources_1/bd/duc/ip/duc_ila_0_0/ila_v6_2/constraints/ila.xdc] for cell 'duc_i/ila_0/inst'
Parsing XDC File [d:/FPGA/Vivaldo Project/Digital_Font_End_LTE/Downlink/DUC/duc/duc.gen/sources_1/bd/duc/ip/duc_ila_0_1/ila_v6_2/constraints/ila_impl.xdc] for cell 'duc_i/ila_1/inst'
Finished Parsing XDC File [d:/FPGA/Vivaldo Project/Digital_Font_End_LTE/Downlink/DUC/duc/duc.gen/sources_1/bd/duc/ip/duc_ila_0_1/ila_v6_2/constraints/ila_impl.xdc] for cell 'duc_i/ila_1/inst'
Parsing XDC File [d:/FPGA/Vivaldo Project/Digital_Font_End_LTE/Downlink/DUC/duc/duc.gen/sources_1/bd/duc/ip/duc_ila_0_1/ila_v6_2/constraints/ila.xdc] for cell 'duc_i/ila_1/inst'
Finished Parsing XDC File [d:/FPGA/Vivaldo Project/Digital_Font_End_LTE/Downlink/DUC/duc/duc.gen/sources_1/bd/duc/ip/duc_ila_0_1/ila_v6_2/constraints/ila.xdc] for cell 'duc_i/ila_1/inst'
Parsing XDC File [d:/FPGA/Vivaldo Project/Digital_Font_End_LTE/Downlink/DUC/duc/duc.gen/sources_1/bd/duc/ip/duc_ila_0_2/ila_v6_2/constraints/ila_impl.xdc] for cell 'duc_i/ila_2/inst'
Finished Parsing XDC File [d:/FPGA/Vivaldo Project/Digital_Font_End_LTE/Downlink/DUC/duc/duc.gen/sources_1/bd/duc/ip/duc_ila_0_2/ila_v6_2/constraints/ila_impl.xdc] for cell 'duc_i/ila_2/inst'
Parsing XDC File [d:/FPGA/Vivaldo Project/Digital_Font_End_LTE/Downlink/DUC/duc/duc.gen/sources_1/bd/duc/ip/duc_ila_0_2/ila_v6_2/constraints/ila.xdc] for cell 'duc_i/ila_2/inst'
Finished Parsing XDC File [d:/FPGA/Vivaldo Project/Digital_Font_End_LTE/Downlink/DUC/duc/duc.gen/sources_1/bd/duc/ip/duc_ila_0_2/ila_v6_2/constraints/ila.xdc] for cell 'duc_i/ila_2/inst'
Parsing XDC File [d:/FPGA/Vivaldo Project/Digital_Font_End_LTE/Downlink/DUC/duc/duc.gen/sources_1/bd/duc/ip/duc_ila_0_3/ila_v6_2/constraints/ila_impl.xdc] for cell 'duc_i/ila_3/inst'
Finished Parsing XDC File [d:/FPGA/Vivaldo Project/Digital_Font_End_LTE/Downlink/DUC/duc/duc.gen/sources_1/bd/duc/ip/duc_ila_0_3/ila_v6_2/constraints/ila_impl.xdc] for cell 'duc_i/ila_3/inst'
Parsing XDC File [d:/FPGA/Vivaldo Project/Digital_Font_End_LTE/Downlink/DUC/duc/duc.gen/sources_1/bd/duc/ip/duc_ila_0_3/ila_v6_2/constraints/ila.xdc] for cell 'duc_i/ila_3/inst'
Finished Parsing XDC File [d:/FPGA/Vivaldo Project/Digital_Font_End_LTE/Downlink/DUC/duc/duc.gen/sources_1/bd/duc/ip/duc_ila_0_3/ila_v6_2/constraints/ila.xdc] for cell 'duc_i/ila_3/inst'
Parsing XDC File [d:/FPGA/Vivaldo Project/Digital_Font_End_LTE/Downlink/DUC/duc/duc.gen/sources_1/bd/duc/ip/duc_ila_0_4/ila_v6_2/constraints/ila_impl.xdc] for cell 'duc_i/ila_4/inst'
Finished Parsing XDC File [d:/FPGA/Vivaldo Project/Digital_Font_End_LTE/Downlink/DUC/duc/duc.gen/sources_1/bd/duc/ip/duc_ila_0_4/ila_v6_2/constraints/ila_impl.xdc] for cell 'duc_i/ila_4/inst'
Parsing XDC File [d:/FPGA/Vivaldo Project/Digital_Font_End_LTE/Downlink/DUC/duc/duc.gen/sources_1/bd/duc/ip/duc_ila_0_4/ila_v6_2/constraints/ila.xdc] for cell 'duc_i/ila_4/inst'
Finished Parsing XDC File [d:/FPGA/Vivaldo Project/Digital_Font_End_LTE/Downlink/DUC/duc/duc.gen/sources_1/bd/duc/ip/duc_ila_0_4/ila_v6_2/constraints/ila.xdc] for cell 'duc_i/ila_4/inst'
Parsing XDC File [d:/FPGA/Vivaldo Project/Digital_Font_End_LTE/Downlink/DUC/duc/duc.gen/sources_1/bd/duc/ip/duc_axi_dma_0_0/duc_axi_dma_0_0_clocks.xdc] for cell 'duc_i/axi_dma_0/U0'
Finished Parsing XDC File [d:/FPGA/Vivaldo Project/Digital_Font_End_LTE/Downlink/DUC/duc/duc.gen/sources_1/bd/duc/ip/duc_axi_dma_0_0/duc_axi_dma_0_0_clocks.xdc] for cell 'duc_i/axi_dma_0/U0'
INFO: [Project 1-1714] 87 XPM XDC files have been applied to the design.
INFO: [Opt 31-138] Pushed 0 inverter(s) to 0 load pin(s).
Netlist sorting complete. Time (s): cpu = 00:00:00 ; elapsed = 00:00:00.034 . Memory (MB): peak = 1851.695 ; gain = 0.000
INFO: [Project 1-111] Unisim Transformation Summary:
  A total of 530 instances were transformed.
  CFGLUT5 => CFGLUT5 (SRL16E, SRLC32E): 400 instances
  RAM16X1D => RAM32X1D (RAMD32(x2)): 3 instances
  RAM32M16 => RAM32M16 (RAMD32(x14), RAMS32(x2)): 127 instances

11 Infos, 3 Warnings, 0 Critical Warnings and 0 Errors encountered.
link_design completed successfully
link_design: Time (s): cpu = 00:00:33 ; elapsed = 00:00:39 . Memory (MB): peak = 1851.695 ; gain = 1337.109
Command: opt_design
Attempting to get a license for feature 'Implementation' and/or device 'xck26'
INFO: [Common 17-349] Got license for feature 'Implementation' and/or device 'xck26'
Running DRC as a precondition to command opt_design

Starting DRC Task
INFO: [DRC 23-27] Running DRC with 2 threads
INFO: [Project 1-461] DRC finished with 0 Errors
INFO: [Project 1-462] Please refer to the DRC report (report_drc) for more information.

Time (s): cpu = 00:00:02 ; elapsed = 00:00:02 . Memory (MB): peak = 1865.621 ; gain = 13.926

Starting Cache Timing Information Task
INFO: [Timing 38-35] Done setting XDC timing constraints.
Ending Cache Timing Information Task | Checksum: 145b210ab

Time (s): cpu = 00:00:07 ; elapsed = 00:00:06 . Memory (MB): peak = 2182.598 ; gain = 316.977

Starting Logic Optimization Task

Phase 1 Generate And Synthesize Debug Cores
INFO: [Chipscope 16-329] Generating Script for core instance : dbg_hub 
INFO: [IP_Flow 19-3806] Processing IP xilinx.com:ip:xsdbm:3.0 for cell dbg_hub_CV.
Netlist sorting complete. Time (s): cpu = 00:00:00 ; elapsed = 00:00:00.081 . Memory (MB): peak = 2561.023 ; gain = 0.000
Phase 1 Generate And Synthesize Debug Cores | Checksum: 11a624d5f

Time (s): cpu = 00:00:09 ; elapsed = 00:02:11 . Memory (MB): peak = 2561.023 ; gain = 20.215

Phase 2 Retarget
INFO: [Opt 31-1287] Pulled Inverter duc_i/axi_dma_0/U0/I_PRMRY_DATAMOVER/GEN_S2MM_FULL.I_S2MM_FULL_WRAPPER/GEN_INCLUDE_IBTTCC.I_S2MM_MSTR_IBTTCC/sig_realign_cmd_cmplt_reg_i_1 into driver instance duc_i/axi_dma_0/U0/I_PRMRY_DATAMOVER/GEN_S2MM_FULL.I_S2MM_FULL_WRAPPER/GEN_INCLUDE_IBTTCC.I_S2MM_MSTR_IBTTCC/sig_realigner_btt2[17]_i_2, which resulted in an inversion of 19 pins
INFO: [Opt 31-1287] Pulled Inverter duc_i/axi_dma_0/U0/I_PRMRY_DATAMOVER/GEN_S2MM_FULL.I_S2MM_FULL_WRAPPER/I_WR_DATA_CNTL/sig_last_mmap_dbeat_reg_i_1__0 into driver instance duc_i/axi_dma_0/U0/I_PRMRY_DATAMOVER/GEN_S2MM_FULL.I_S2MM_FULL_WRAPPER/I_WR_DATA_CNTL/sig_next_calc_error_reg_i_3, which resulted in an inversion of 4 pins
INFO: [Opt 31-1287] Pulled Inverter duc_i/ila_0/inst/ila_core_inst/xsdb_memory_read_inst/current_state[0]_i_1 into driver instance duc_i/ila_0/inst/ila_core_inst/xsdb_memory_read_inst/read_addr[10]_i_3, which resulted in an inversion of 13 pins
INFO: [Opt 31-1287] Pulled Inverter duc_i/ila_1/inst/ila_core_inst/xsdb_memory_read_inst/current_state[0]_i_1 into driver instance duc_i/ila_1/inst/ila_core_inst/xsdb_memory_read_inst/read_addr[10]_i_3, which resulted in an inversion of 13 pins
INFO: [Opt 31-1287] Pulled Inverter duc_i/ila_2/inst/ila_core_inst/xsdb_memory_read_inst/current_state[0]_i_1 into driver instance duc_i/ila_2/inst/ila_core_inst/xsdb_memory_read_inst/read_addr[9]_i_3, which resulted in an inversion of 12 pins
INFO: [Opt 31-1287] Pulled Inverter duc_i/ila_3/inst/ila_core_inst/xsdb_memory_read_inst/current_state[0]_i_1 into driver instance duc_i/ila_3/inst/ila_core_inst/xsdb_memory_read_inst/read_addr[9]_i_3, which resulted in an inversion of 12 pins
INFO: [Opt 31-1287] Pulled Inverter duc_i/ila_4/inst/ila_core_inst/xsdb_memory_read_inst/current_state[0]_i_1 into driver instance duc_i/ila_4/inst/ila_core_inst/xsdb_memory_read_inst/read_addr[10]_i_3, which resulted in an inversion of 13 pins
INFO: [Opt 31-1287] Pulled Inverter duc_i/smartconnect_0/inst/m01_exit_pipeline/m01_exit/inst/splitter_inst/gen_axi4lite.axilite_conv/s_axi_rlast_INST_0 into driver instance duc_i/smartconnect_0/inst/m01_exit_pipeline/m01_exit/inst/splitter_inst/gen_axi4lite.axilite_conv/s_axi_rlast_INST_0_i_1, which resulted in an inversion of 9 pins
INFO: [Opt 31-1287] Pulled Inverter duc_i/smartconnect_0/inst/s00_entry_pipeline/s00_si_converter/inst/converter.wrap_narrow_inst/w_payld_fifo/cmd_fifo/cmd_len_qq[7]_i_1__3 into driver instance duc_i/smartconnect_0/inst/s00_entry_pipeline/s00_si_converter/inst/converter.wrap_narrow_inst/w_payld_fifo/cmd_fifo/gen_pipelined.state[2]_i_3__1, which resulted in an inversion of 6 pins
INFO: [Opt 31-138] Pushed 89 inverter(s) to 1007 load pin(s).
INFO: [Opt 31-422] The CLOCK_DOMAINS attribute on the BRAM cell duc_i/ila_0/inst/ila_core_inst/ila_trace_memory_inst/SUBCORE_RAM_BLK_MEM_1.trace_block_memory/inst_blk_mem_gen/gnbram.gnativebmg.native_blk_mem_gen/valid.cstr/ramloop[0].ram.r/prim_noinit.ram/DEVICE_8SERIES.NO_BMM_INFO.SDP.SIMPLE_PRIM36.ram has been changed from INDEPENDENT to COMMON to match the clocking topology used for the BRAM.
INFO: [Opt 31-422] The CLOCK_DOMAINS attribute on the BRAM cell duc_i/ila_0/inst/ila_core_inst/ila_trace_memory_inst/SUBCORE_RAM_BLK_MEM_1.trace_block_memory/inst_blk_mem_gen/gnbram.gnativebmg.native_blk_mem_gen/valid.cstr/ramloop[1].ram.r/prim_noinit.ram/DEVICE_8SERIES.NO_BMM_INFO.SDP.SIMPLE_PRIM36.ram has been changed from INDEPENDENT to COMMON to match the clocking topology used for the BRAM.
INFO: [Opt 31-422] The CLOCK_DOMAINS attribute on the BRAM cell duc_i/ila_0/inst/ila_core_inst/ila_trace_memory_inst/SUBCORE_RAM_BLK_MEM_1.trace_block_memory/inst_blk_mem_gen/gnbram.gnativebmg.native_blk_mem_gen/valid.cstr/ramloop[2].ram.r/prim_noinit.ram/DEVICE_8SERIES.NO_BMM_INFO.SDP.SIMPLE_PRIM36.ram has been changed from INDEPENDENT to COMMON to match the clocking topology used for the BRAM.
INFO: [Opt 31-422] The CLOCK_DOMAINS attribute on the BRAM cell duc_i/ila_1/inst/ila_core_inst/ila_trace_memory_inst/SUBCORE_RAM_BLK_MEM_1.trace_block_memory/inst_blk_mem_gen/gnbram.gnativebmg.native_blk_mem_gen/valid.cstr/ramloop[0].ram.r/prim_noinit.ram/DEVICE_8SERIES.NO_BMM_INFO.SDP.SIMPLE_PRIM36.ram has been changed from INDEPENDENT to COMMON to match the clocking topology used for the BRAM.
INFO: [Opt 31-422] The CLOCK_DOMAINS attribute on the BRAM cell duc_i/ila_1/inst/ila_core_inst/ila_trace_memory_inst/SUBCORE_RAM_BLK_MEM_1.trace_block_memory/inst_blk_mem_gen/gnbram.gnativebmg.native_blk_mem_gen/valid.cstr/ramloop[1].ram.r/prim_noinit.ram/DEVICE_8SERIES.NO_BMM_INFO.SDP.SIMPLE_PRIM36.ram has been changed from INDEPENDENT to COMMON to match the clocking topology used for the BRAM.
INFO: [Opt 31-422] The CLOCK_DOMAINS attribute on the BRAM cell duc_i/ila_1/inst/ila_core_inst/ila_trace_memory_inst/SUBCORE_RAM_BLK_MEM_1.trace_block_memory/inst_blk_mem_gen/gnbram.gnativebmg.native_blk_mem_gen/valid.cstr/ramloop[2].ram.r/prim_noinit.ram/DEVICE_8SERIES.NO_BMM_INFO.SDP.SIMPLE_PRIM36.ram has been changed from INDEPENDENT to COMMON to match the clocking topology used for the BRAM.
INFO: [Opt 31-422] The CLOCK_DOMAINS attribute on the BRAM cell duc_i/ila_2/inst/ila_core_inst/ila_trace_memory_inst/SUBCORE_RAM_BLK_MEM_1.trace_block_memory/inst_blk_mem_gen/gnbram.gnativebmg.native_blk_mem_gen/valid.cstr/ramloop[0].ram.r/prim_noinit.ram/DEVICE_8SERIES.NO_BMM_INFO.SDP.SIMPLE_PRIM18.ram has been changed from INDEPENDENT to COMMON to match the clocking topology used for the BRAM.
INFO: [Opt 31-422] The CLOCK_DOMAINS attribute on the BRAM cell duc_i/ila_2/inst/ila_core_inst/ila_trace_memory_inst/SUBCORE_RAM_BLK_MEM_1.trace_block_memory/inst_blk_mem_gen/gnbram.gnativebmg.native_blk_mem_gen/valid.cstr/ramloop[1].ram.r/prim_noinit.ram/DEVICE_8SERIES.NO_BMM_INFO.SDP.SIMPLE_PRIM36.ram has been changed from INDEPENDENT to COMMON to match the clocking topology used for the BRAM.
INFO: [Opt 31-422] The CLOCK_DOMAINS attribute on the BRAM cell duc_i/ila_3/inst/ila_core_inst/ila_trace_memory_inst/SUBCORE_RAM_BLK_MEM_1.trace_block_memory/inst_blk_mem_gen/gnbram.gnativebmg.native_blk_mem_gen/valid.cstr/ramloop[0].ram.r/prim_noinit.ram/DEVICE_8SERIES.NO_BMM_INFO.SDP.SIMPLE_PRIM18.ram has been changed from INDEPENDENT to COMMON to match the clocking topology used for the BRAM.
INFO: [Opt 31-422] The CLOCK_DOMAINS attribute on the BRAM cell duc_i/ila_3/inst/ila_core_inst/ila_trace_memory_inst/SUBCORE_RAM_BLK_MEM_1.trace_block_memory/inst_blk_mem_gen/gnbram.gnativebmg.native_blk_mem_gen/valid.cstr/ramloop[1].ram.r/prim_noinit.ram/DEVICE_8SERIES.NO_BMM_INFO.SDP.SIMPLE_PRIM36.ram has been changed from INDEPENDENT to COMMON to match the clocking topology used for the BRAM.
INFO: [Opt 31-422] The CLOCK_DOMAINS attribute on the BRAM cell duc_i/ila_4/inst/ila_core_inst/ila_trace_memory_inst/SUBCORE_RAM_BLK_MEM_1.trace_block_memory/inst_blk_mem_gen/gnbram.gnativebmg.native_blk_mem_gen/valid.cstr/ramloop[0].ram.r/prim_noinit.ram/DEVICE_8SERIES.NO_BMM_INFO.SDP.SIMPLE_PRIM36.ram has been changed from INDEPENDENT to COMMON to match the clocking topology used for the BRAM.
INFO: [Opt 31-422] The CLOCK_DOMAINS attribute on the BRAM cell duc_i/ila_4/inst/ila_core_inst/ila_trace_memory_inst/SUBCORE_RAM_BLK_MEM_1.trace_block_memory/inst_blk_mem_gen/gnbram.gnativebmg.native_blk_mem_gen/valid.cstr/ramloop[1].ram.r/prim_noinit.ram/DEVICE_8SERIES.NO_BMM_INFO.SDP.SIMPLE_PRIM36.ram has been changed from INDEPENDENT to COMMON to match the clocking topology used for the BRAM.
INFO: [Opt 31-422] The CLOCK_DOMAINS attribute on the BRAM cell duc_i/ila_4/inst/ila_core_inst/ila_trace_memory_inst/SUBCORE_RAM_BLK_MEM_1.trace_block_memory/inst_blk_mem_gen/gnbram.gnativebmg.native_blk_mem_gen/valid.cstr/ramloop[2].ram.r/prim_noinit.ram/DEVICE_8SERIES.NO_BMM_INFO.SDP.SIMPLE_PRIM36.ram has been changed from INDEPENDENT to COMMON to match the clocking topology used for the BRAM.
INFO: [Opt 31-49] Retargeted 0 cell(s).
Phase 2 Retarget | Checksum: 750b990e

Time (s): cpu = 00:00:12 ; elapsed = 00:02:14 . Memory (MB): peak = 2561.023 ; gain = 20.215
INFO: [Opt 31-389] Phase Retarget created 83 cells and removed 506 cells
INFO: [Opt 31-1021] In phase Retarget, 201 netlist objects are constrained preventing optimization. Please run opt_design with -debug_log to get more detail. 

Phase 3 Constant propagation
INFO: [Opt 31-138] Pushed 0 inverter(s) to 0 load pin(s).
Phase 3 Constant propagation | Checksum: c078fc0e

Time (s): cpu = 00:00:12 ; elapsed = 00:02:14 . Memory (MB): peak = 2561.023 ; gain = 20.215
INFO: [Opt 31-389] Phase Constant propagation created 4 cells and removed 91 cells
INFO: [Opt 31-1021] In phase Constant propagation, 141 netlist objects are constrained preventing optimization. Please run opt_design with -debug_log to get more detail. 

Phase 4 Sweep
Phase 4 Sweep | Checksum: d15157ad

Time (s): cpu = 00:00:14 ; elapsed = 00:02:16 . Memory (MB): peak = 2561.023 ; gain = 20.215
INFO: [Opt 31-389] Phase Sweep created 0 cells and removed 328 cells
INFO: [Opt 31-1021] In phase Sweep, 2592 netlist objects are constrained preventing optimization. Please run opt_design with -debug_log to get more detail. 

Phase 5 BUFG optimization
INFO: [Opt 31-1077] Phase BUFG optimization inserted 0 global clock buffer(s) for CLOCK_LOW_FANOUT.
Phase 5 BUFG optimization | Checksum: d15157ad

Time (s): cpu = 00:00:15 ; elapsed = 00:02:17 . Memory (MB): peak = 2561.023 ; gain = 20.215
INFO: [Opt 31-662] Phase BUFG optimization created 0 cells of which 0 are BUFGs and removed 0 cells.

Phase 6 Shift Register Optimization
INFO: [Opt 31-1064] SRL Remap converted 0 SRLs to 0 registers and converted 0 registers of register chains to 0 SRLs
Phase 6 Shift Register Optimization | Checksum: d15157ad

Time (s): cpu = 00:00:16 ; elapsed = 00:02:17 . Memory (MB): peak = 2561.023 ; gain = 20.215
INFO: [Opt 31-389] Phase Shift Register Optimization created 0 cells and removed 0 cells

Phase 7 Post Processing Netlist
Phase 7 Post Processing Netlist | Checksum: d15157ad

Time (s): cpu = 00:00:16 ; elapsed = 00:02:17 . Memory (MB): peak = 2561.023 ; gain = 20.215
INFO: [Opt 31-389] Phase Post Processing Netlist created 0 cells and removed 0 cells
INFO: [Opt 31-1021] In phase Post Processing Netlist, 129 netlist objects are constrained preventing optimization. Please run opt_design with -debug_log to get more detail. 
Opt_design Change Summary
=========================


-------------------------------------------------------------------------------------------------------------------------
|  Phase                        |  #Cells created  |  #Cells Removed  |  #Constrained objects preventing optimizations  |
-------------------------------------------------------------------------------------------------------------------------
|  Retarget                     |              83  |             506  |                                            201  |
|  Constant propagation         |               4  |              91  |                                            141  |
|  Sweep                        |               0  |             328  |                                           2592  |
|  BUFG optimization            |               0  |               0  |                                              0  |
|  Shift Register Optimization  |               0  |               0  |                                              0  |
|  Post Processing Netlist      |               0  |               0  |                                            129  |
-------------------------------------------------------------------------------------------------------------------------



Starting Connectivity Check Task

Time (s): cpu = 00:00:00 ; elapsed = 00:00:00.106 . Memory (MB): peak = 2561.023 ; gain = 0.000
Ending Logic Optimization Task | Checksum: 1101f544e

Time (s): cpu = 00:00:17 ; elapsed = 00:02:18 . Memory (MB): peak = 2561.023 ; gain = 20.215

Starting Power Optimization Task
INFO: [Pwropt 34-132] Skipping clock gating for clocks with a period < 2.00 ns.
INFO: [Timing 38-35] Done setting XDC timing constraints.
INFO: [Pwropt 34-9] Applying IDT optimizations ...
INFO: [Pwropt 34-10] Applying ODC optimizations ...
Running Vector-less Activity Propagation...

Finished Running Vector-less Activity Propagation


Starting PowerOpt Patch Enables Task
INFO: [Pwropt 34-162] WRITE_MODE attribute of 0 BRAM(s) out of a total of 143 has been updated to save power. Run report_power_opt to get a complete listing of the BRAMs updated.
INFO: [Pwropt 34-201] Structural ODC has moved 0 WE to EN ports
Number of BRAM Ports augmented: 77 newly gated: 0 Total Ports: 286
Ending PowerOpt Patch Enables Task | Checksum: 1062a5698

Time (s): cpu = 00:00:01 ; elapsed = 00:00:02 . Memory (MB): peak = 3387.605 ; gain = 0.000
Ending Power Optimization Task | Checksum: 1062a5698

Time (s): cpu = 00:00:37 ; elapsed = 00:00:27 . Memory (MB): peak = 3387.605 ; gain = 826.582

Starting Final Cleanup Task
Ending Final Cleanup Task | Checksum: 1062a5698

Time (s): cpu = 00:00:00 ; elapsed = 00:00:00.007 . Memory (MB): peak = 3387.605 ; gain = 0.000

Starting Netlist Obfuscation Task
Netlist sorting complete. Time (s): cpu = 00:00:00 ; elapsed = 00:00:00.056 . Memory (MB): peak = 3387.605 ; gain = 0.000
Ending Netlist Obfuscation Task | Checksum: 146176f3b

Time (s): cpu = 00:00:00 ; elapsed = 00:00:00.065 . Memory (MB): peak = 3387.605 ; gain = 0.000
INFO: [Common 17-83] Releasing license: Implementation
65 Infos, 3 Warnings, 0 Critical Warnings and 0 Errors encountered.
opt_design completed successfully
opt_design: Time (s): cpu = 00:01:08 ; elapsed = 00:02:56 . Memory (MB): peak = 3387.605 ; gain = 1535.910
INFO: [Timing 38-35] Done setting XDC timing constraints.
INFO: [Timing 38-480] Writing timing data to binary archive.
INFO: [Common 17-1381] The checkpoint 'D:/FPGA/Vivaldo Project/Digital_Font_End_LTE/Downlink/DUC/duc/duc.runs/impl_1/duc_wrapper_opt.dcp' has been generated.
write_checkpoint: Time (s): cpu = 00:00:14 ; elapsed = 00:00:10 . Memory (MB): peak = 3387.605 ; gain = 0.000
INFO: [runtcl-4] Executing : report_drc -file duc_wrapper_drc_opted.rpt -pb duc_wrapper_drc_opted.pb -rpx duc_wrapper_drc_opted.rpx
Command: report_drc -file duc_wrapper_drc_opted.rpt -pb duc_wrapper_drc_opted.pb -rpx duc_wrapper_drc_opted.rpx
INFO: [IP_Flow 19-1839] IP Catalog is up to date.
INFO: [DRC 23-27] Running DRC with 2 threads
INFO: [Vivado_Tcl 2-168] The results of DRC are in file D:/FPGA/Vivaldo Project/Digital_Font_End_LTE/Downlink/DUC/duc/duc.runs/impl_1/duc_wrapper_drc_opted.rpt.
report_drc completed successfully
report_drc: Time (s): cpu = 00:00:36 ; elapsed = 00:00:31 . Memory (MB): peak = 4187.125 ; gain = 799.520
INFO: [Chipscope 16-240] Debug cores have already been implemented
Command: place_design
Attempting to get a license for feature 'Implementation' and/or device 'xck26'
INFO: [Common 17-349] Got license for feature 'Implementation' and/or device 'xck26'
INFO: [DRC 23-27] Running DRC with 2 threads
INFO: [Vivado_Tcl 4-198] DRC finished with 0 Errors
INFO: [Vivado_Tcl 4-199] Please refer to the DRC report (report_drc) for more information.
Running DRC as a precondition to command place_design
INFO: [DRC 23-27] Running DRC with 2 threads
INFO: [Vivado_Tcl 4-198] DRC finished with 0 Errors
INFO: [Vivado_Tcl 4-199] Please refer to the DRC report (report_drc) for more information.

Starting Placer Task
INFO: [Place 30-611] Multithreading enabled for place_design using a maximum of 2 CPUs

Phase 1 Placer Initialization

Phase 1.1 Placer Initialization Netlist Sorting
Netlist sorting complete. Time (s): cpu = 00:00:00 ; elapsed = 00:00:00.033 . Memory (MB): peak = 4187.125 ; gain = 0.000
Phase 1.1 Placer Initialization Netlist Sorting | Checksum: cfba54ae

Time (s): cpu = 00:00:00 ; elapsed = 00:00:00.055 . Memory (MB): peak = 4187.125 ; gain = 0.000
Netlist sorting complete. Time (s): cpu = 00:00:01 ; elapsed = 00:00:00.032 . Memory (MB): peak = 4187.125 ; gain = 0.000

Phase 1.2 IO Placement/ Clock Placement/ Build Placer Device
Phase 1.2 IO Placement/ Clock Placement/ Build Placer Device | Checksum: ec0dde2d

Time (s): cpu = 00:00:06 ; elapsed = 00:00:05 . Memory (MB): peak = 4187.125 ; gain = 0.000

Phase 1.3 Build Placer Netlist Model
Phase 1.3 Build Placer Netlist Model | Checksum: 1338cf3b7

Time (s): cpu = 00:00:23 ; elapsed = 00:00:17 . Memory (MB): peak = 4187.125 ; gain = 0.000

Phase 1.4 Constrain Clocks/Macros
Phase 1.4 Constrain Clocks/Macros | Checksum: 1338cf3b7

Time (s): cpu = 00:00:23 ; elapsed = 00:00:17 . Memory (MB): peak = 4187.125 ; gain = 0.000
Phase 1 Placer Initialization | Checksum: 1338cf3b7

Time (s): cpu = 00:00:23 ; elapsed = 00:00:17 . Memory (MB): peak = 4187.125 ; gain = 0.000

Phase 2 Global Placement

Phase 2.1 Floorplanning

Phase 2.1.1 Partition Driven Placement

Phase 2.1.1.1 PBP: Partition Driven Placement
Phase 2.1.1.1 PBP: Partition Driven Placement | Checksum: 1e44bba6a

Time (s): cpu = 00:00:45 ; elapsed = 00:00:31 . Memory (MB): peak = 4187.125 ; gain = 0.000

Phase 2.1.1.2 PBP: Clock Region Placement
Phase 2.1.1.2 PBP: Clock Region Placement | Checksum: 10a989029

Time (s): cpu = 00:00:46 ; elapsed = 00:00:33 . Memory (MB): peak = 4187.125 ; gain = 0.000

Phase 2.1.1.3 PBP: Discrete Incremental
Phase 2.1.1.3 PBP: Discrete Incremental | Checksum: 197f7b661

Time (s): cpu = 00:00:47 ; elapsed = 00:00:33 . Memory (MB): peak = 4187.125 ; gain = 0.000

Phase 2.1.1.4 PBP: Compute Congestion
Phase 2.1.1.4 PBP: Compute Congestion | Checksum: 197f7b661

Time (s): cpu = 00:00:47 ; elapsed = 00:00:33 . Memory (MB): peak = 4187.125 ; gain = 0.000

Phase 2.1.1.5 PBP: Macro Placement
Phase 2.1.1.5 PBP: Macro Placement | Checksum: 14f94fdb7

Time (s): cpu = 00:00:48 ; elapsed = 00:00:35 . Memory (MB): peak = 4187.125 ; gain = 0.000

Phase 2.1.1.6 PBP: UpdateTiming
Phase 2.1.1.6 PBP: UpdateTiming | Checksum: 1a9dfb77b

Time (s): cpu = 00:00:51 ; elapsed = 00:00:37 . Memory (MB): peak = 4187.125 ; gain = 0.000

Phase 2.1.1.7 PBP: Add part constraints
Phase 2.1.1.7 PBP: Add part constraints | Checksum: 1a9dfb77b

Time (s): cpu = 00:00:52 ; elapsed = 00:00:37 . Memory (MB): peak = 4187.125 ; gain = 0.000
Phase 2.1.1 Partition Driven Placement | Checksum: 1a9dfb77b

Time (s): cpu = 00:00:52 ; elapsed = 00:00:37 . Memory (MB): peak = 4187.125 ; gain = 0.000
Phase 2.1 Floorplanning | Checksum: 1d667c321

Time (s): cpu = 00:00:52 ; elapsed = 00:00:37 . Memory (MB): peak = 4187.125 ; gain = 0.000

Phase 2.2 Update Timing before SLR Path Opt
Phase 2.2 Update Timing before SLR Path Opt | Checksum: 1d667c321

Time (s): cpu = 00:00:52 ; elapsed = 00:00:37 . Memory (MB): peak = 4187.125 ; gain = 0.000

Phase 2.3 Post-Processing in Floorplanning
Phase 2.3 Post-Processing in Floorplanning | Checksum: 1d667c321

Time (s): cpu = 00:00:52 ; elapsed = 00:00:37 . Memory (MB): peak = 4187.125 ; gain = 0.000

Phase 2.4 Global Placement Core

Phase 2.4.1 UpdateTiming Before Physical Synthesis
Phase 2.4.1 UpdateTiming Before Physical Synthesis | Checksum: 1db0cfb69

Time (s): cpu = 00:01:32 ; elapsed = 00:01:04 . Memory (MB): peak = 4187.125 ; gain = 0.000

Phase 2.4.2 Physical Synthesis In Placer
INFO: [Physopt 32-1035] Found 0 LUTNM shape to break, 1069 LUT instances to create LUTNM shape
INFO: [Physopt 32-1044] Break lutnm for timing: one critical 0, two critical 0, total 0, new lutff created 0
INFO: [Physopt 32-1138] End 1 Pass. Optimized 440 nets or LUTs. Breaked 0 LUT, combined 440 existing LUTs and moved 0 existing LUT
INFO: [Physopt 32-1030] Pass 1. Identified 10 candidate driver sets for equivalent driver rewiring.
INFO: [Physopt 32-661] Optimized 0 net.  Re-placed 0 instance.
INFO: [Physopt 32-775] End 1 Pass. Optimized 0 net or cell. Created 0 new cell, deleted 0 existing cell and moved 0 existing cell
INFO: [Physopt 32-65] No nets found for high-fanout optimization.
INFO: [Physopt 32-232] Optimized 0 net. Created 0 new instance.
INFO: [Physopt 32-775] End 1 Pass. Optimized 0 net or cell. Created 0 new cell, deleted 0 existing cell and moved 0 existing cell
INFO: [Physopt 32-670] No setup violation found.  DSP Register Optimization was not performed.
INFO: [Physopt 32-670] No setup violation found.  Shift Register to Pipeline Optimization was not performed.
INFO: [Physopt 32-670] No setup violation found.  Shift Register Optimization was not performed.
INFO: [Physopt 32-670] No setup violation found.  BRAM Register Optimization was not performed.
INFO: [Physopt 32-670] No setup violation found.  URAM Register Optimization was not performed.
INFO: [Physopt 32-949] No candidate nets found for dynamic/static region interface net replication
INFO: [Physopt 32-775] End 1 Pass. Optimized 0 net or cell. Created 0 new cell, deleted 0 existing cell and moved 0 existing cell
Netlist sorting complete. Time (s): cpu = 00:00:00 ; elapsed = 00:00:00.037 . Memory (MB): peak = 4187.125 ; gain = 0.000

Summary of Physical Synthesis Optimizations
============================================


-----------------------------------------------------------------------------------------------------------------------------------------------------------
|  Optimization                                     |  Added Cells  |  Removed Cells  |  Optimized Cells/Nets  |  Dont Touch  |  Iterations  |  Elapsed   |
-----------------------------------------------------------------------------------------------------------------------------------------------------------
|  LUT Combining                                    |            0  |            440  |                   440  |           0  |           1  |  00:00:01  |
|  Retime                                           |            0  |              0  |                     0  |           0  |           1  |  00:00:00  |
|  Equivalent Driver Rewiring                       |            0  |              0  |                     0  |           0  |           1  |  00:00:01  |
|  Very High Fanout                                 |            0  |              0  |                     0  |           0  |           1  |  00:00:01  |
|  DSP Register                                     |            0  |              0  |                     0  |           0  |           0  |  00:00:00  |
|  Shift Register to Pipeline                       |            0  |              0  |                     0  |           0  |           0  |  00:00:00  |
|  Shift Register                                   |            0  |              0  |                     0  |           0  |           0  |  00:00:00  |
|  BRAM Register                                    |            0  |              0  |                     0  |           0  |           0  |  00:00:00  |
|  URAM Register                                    |            0  |              0  |                     0  |           0  |           0  |  00:00:00  |
|  Dynamic/Static Region Interface Net Replication  |            0  |              0  |                     0  |           0  |           1  |  00:00:00  |
|  Total                                            |            0  |            440  |                   440  |           0  |           5  |  00:00:02  |
-----------------------------------------------------------------------------------------------------------------------------------------------------------


Phase 2.4.2 Physical Synthesis In Placer | Checksum: 1225fd366

Time (s): cpu = 00:01:39 ; elapsed = 00:01:10 . Memory (MB): peak = 4187.125 ; gain = 0.000
Phase 2.4 Global Placement Core | Checksum: fb9707b0

Time (s): cpu = 00:01:41 ; elapsed = 00:01:12 . Memory (MB): peak = 4187.125 ; gain = 0.000
Phase 2 Global Placement | Checksum: fb9707b0

Time (s): cpu = 00:01:41 ; elapsed = 00:01:12 . Memory (MB): peak = 4187.125 ; gain = 0.000

Phase 3 Detail Placement

Phase 3.1 Commit Multi Column Macros
Phase 3.1 Commit Multi Column Macros | Checksum: 9ad839b1

Time (s): cpu = 00:01:44 ; elapsed = 00:01:14 . Memory (MB): peak = 4187.125 ; gain = 0.000

Phase 3.2 Commit Most Macros & LUTRAMs
Phase 3.2 Commit Most Macros & LUTRAMs | Checksum: b202cd4b

Time (s): cpu = 00:01:51 ; elapsed = 00:01:19 . Memory (MB): peak = 4187.125 ; gain = 0.000

Phase 3.3 Small Shape DP

Phase 3.3.1 Small Shape Clustering
Phase 3.3.1 Small Shape Clustering | Checksum: c2e62536

Time (s): cpu = 00:01:53 ; elapsed = 00:01:21 . Memory (MB): peak = 4187.125 ; gain = 0.000

Phase 3.3.2 Flow Legalize Slice Clusters
Phase 3.3.2 Flow Legalize Slice Clusters | Checksum: 1367f1912

Time (s): cpu = 00:01:54 ; elapsed = 00:01:22 . Memory (MB): peak = 4187.125 ; gain = 0.000

Phase 3.3.3 Slice Area Swap

Phase 3.3.3.1 Slice Area Swap Initial
Phase 3.3.3.1 Slice Area Swap Initial | Checksum: c01c9b56

Time (s): cpu = 00:01:56 ; elapsed = 00:01:24 . Memory (MB): peak = 4187.125 ; gain = 0.000
Phase 3.3.3 Slice Area Swap | Checksum: c01c9b56

Time (s): cpu = 00:01:56 ; elapsed = 00:01:24 . Memory (MB): peak = 4187.125 ; gain = 0.000
Phase 3.3 Small Shape DP | Checksum: 14e14f999

Time (s): cpu = 00:02:07 ; elapsed = 00:01:31 . Memory (MB): peak = 4187.125 ; gain = 0.000

Phase 3.4 Re-assign LUT pins
Phase 3.4 Re-assign LUT pins | Checksum: 12072b8b8

Time (s): cpu = 00:02:10 ; elapsed = 00:01:34 . Memory (MB): peak = 4187.125 ; gain = 0.000

Phase 3.5 Pipeline Register Optimization
Phase 3.5 Pipeline Register Optimization | Checksum: 2210e2aef

Time (s): cpu = 00:02:10 ; elapsed = 00:01:35 . Memory (MB): peak = 4187.125 ; gain = 0.000
Phase 3 Detail Placement | Checksum: 2210e2aef

Time (s): cpu = 00:02:10 ; elapsed = 00:01:35 . Memory (MB): peak = 4187.125 ; gain = 0.000

Phase 4 Post Placement Optimization and Clean-Up

Phase 4.1 Post Commit Optimization
INFO: [Timing 38-35] Done setting XDC timing constraints.

Phase 4.1.1 Post Placement Optimization
Post Placement Optimization Initialization | Checksum: 2bcc03388

Phase 4.1.1.1 BUFG Insertion

Starting Physical Synthesis Task

Phase 1 Physical Synthesis Initialization
INFO: [Physopt 32-721] Multithreading enabled for phys_opt_design using a maximum of 2 CPUs
INFO: [Physopt 32-619] Estimated Timing Summary | WNS=2.391 | TNS=0.000 |
Phase 1 Physical Synthesis Initialization | Checksum: 244c0b8dd

Time (s): cpu = 00:00:02 ; elapsed = 00:00:01 . Memory (MB): peak = 4187.125 ; gain = 0.000
INFO: [Place 46-56] BUFG insertion identified 0 candidate nets. Inserted BUFG: 0, Replicated BUFG Driver: 0, Skipped due to Placement/Routing Conflicts: 0, Skipped due to Timing Degradation: 0, Skipped due to Illegal Netlist: 0.
Ending Physical Synthesis Task | Checksum: 256061403

Time (s): cpu = 00:00:03 ; elapsed = 00:00:02 . Memory (MB): peak = 4187.125 ; gain = 0.000
Phase 4.1.1.1 BUFG Insertion | Checksum: 2bcc03388

Time (s): cpu = 00:02:35 ; elapsed = 00:01:52 . Memory (MB): peak = 4187.125 ; gain = 0.000

Phase 4.1.1.2 Post Placement Timing Optimization
INFO: [Place 30-746] Post Placement Timing Summary WNS=2.391. For the most accurate timing information please run report_timing.
Phase 4.1.1.2 Post Placement Timing Optimization | Checksum: 201296ace

Time (s): cpu = 00:02:36 ; elapsed = 00:01:53 . Memory (MB): peak = 4187.125 ; gain = 0.000

Time (s): cpu = 00:02:36 ; elapsed = 00:01:53 . Memory (MB): peak = 4187.125 ; gain = 0.000
Phase 4.1 Post Commit Optimization | Checksum: 201296ace

Time (s): cpu = 00:02:36 ; elapsed = 00:01:53 . Memory (MB): peak = 4187.125 ; gain = 0.000
Netlist sorting complete. Time (s): cpu = 00:00:00 ; elapsed = 00:00:00.023 . Memory (MB): peak = 4187.125 ; gain = 0.000

Phase 4.2 Post Placement Cleanup
Phase 4.2 Post Placement Cleanup | Checksum: 25446dc33

Time (s): cpu = 00:02:40 ; elapsed = 00:01:58 . Memory (MB): peak = 4187.125 ; gain = 0.000

Phase 4.3 Placer Reporting

Phase 4.3.1 Print Estimated Congestion
INFO: [Place 30-612] Post-Placement Estimated Congestion 
 ________________________________________________________________________
|           | Global Congestion | Long Congestion   | Short Congestion  |
| Direction | Region Size       | Region Size       | Region Size       |
|___________|___________________|___________________|___________________|
|      North|                1x1|                1x1|                4x4|
|___________|___________________|___________________|___________________|
|      South|                2x2|                1x1|                8x8|
|___________|___________________|___________________|___________________|
|       East|                2x2|                1x1|                8x8|
|___________|___________________|___________________|___________________|
|       West|                2x2|                1x1|                8x8|
|___________|___________________|___________________|___________________|

Phase 4.3.1 Print Estimated Congestion | Checksum: 25446dc33

Time (s): cpu = 00:02:41 ; elapsed = 00:01:58 . Memory (MB): peak = 4187.125 ; gain = 0.000
Phase 4.3 Placer Reporting | Checksum: 25446dc33

Time (s): cpu = 00:02:41 ; elapsed = 00:01:58 . Memory (MB): peak = 4187.125 ; gain = 0.000

Phase 4.4 Final Placement Cleanup
Netlist sorting complete. Time (s): cpu = 00:00:00 ; elapsed = 00:00:00.029 . Memory (MB): peak = 4187.125 ; gain = 0.000

Time (s): cpu = 00:02:41 ; elapsed = 00:01:58 . Memory (MB): peak = 4187.125 ; gain = 0.000
Phase 4 Post Placement Optimization and Clean-Up | Checksum: 1b51c8fbf

Time (s): cpu = 00:02:41 ; elapsed = 00:01:58 . Memory (MB): peak = 4187.125 ; gain = 0.000
Ending Placer Task | Checksum: 1939c1e67

Time (s): cpu = 00:02:41 ; elapsed = 00:01:59 . Memory (MB): peak = 4187.125 ; gain = 0.000
INFO: [Common 17-83] Releasing license: Implementation
104 Infos, 3 Warnings, 0 Critical Warnings and 0 Errors encountered.
place_design completed successfully
place_design: Time (s): cpu = 00:02:45 ; elapsed = 00:02:01 . Memory (MB): peak = 4187.125 ; gain = 0.000
INFO: [Timing 38-480] Writing timing data to binary archive.
Writing XDEF routing.
Writing XDEF routing logical nets.
Writing XDEF routing special nets.
Write XDEF Complete: Time (s): cpu = 00:00:12 ; elapsed = 00:00:04 . Memory (MB): peak = 4187.125 ; gain = 0.000
INFO: [Common 17-1381] The checkpoint 'D:/FPGA/Vivaldo Project/Digital_Font_End_LTE/Downlink/DUC/duc/duc.runs/impl_1/duc_wrapper_placed.dcp' has been generated.
write_checkpoint: Time (s): cpu = 00:00:20 ; elapsed = 00:00:12 . Memory (MB): peak = 4187.125 ; gain = 0.000
INFO: [runtcl-4] Executing : report_io -file duc_wrapper_io_placed.rpt
report_io: Time (s): cpu = 00:00:00 ; elapsed = 00:00:00.133 . Memory (MB): peak = 4187.125 ; gain = 0.000
INFO: [runtcl-4] Executing : report_utilization -file duc_wrapper_utilization_placed.rpt -pb duc_wrapper_utilization_placed.pb
INFO: [runtcl-4] Executing : report_control_sets -verbose -file duc_wrapper_control_sets_placed.rpt
report_control_sets: Time (s): cpu = 00:00:00 ; elapsed = 00:00:00.180 . Memory (MB): peak = 4187.125 ; gain = 0.000
Command: phys_opt_design
Attempting to get a license for feature 'Implementation' and/or device 'xck26'
INFO: [Common 17-349] Got license for feature 'Implementation' and/or device 'xck26'

Starting Initial Update Timing Task

Time (s): cpu = 00:00:16 ; elapsed = 00:00:10 . Memory (MB): peak = 4187.125 ; gain = 0.000
INFO: [Vivado_Tcl 4-383] Design worst setup slack (WNS) is greater than or equal to 0.000 ns. Skipping all physical synthesis optimizations.
INFO: [Vivado_Tcl 4-232] No setup violation found. The netlist was not modified.
INFO: [Common 17-83] Releasing license: Implementation
113 Infos, 3 Warnings, 0 Critical Warnings and 0 Errors encountered.
phys_opt_design completed successfully
phys_opt_design: Time (s): cpu = 00:00:16 ; elapsed = 00:00:10 . Memory (MB): peak = 4187.125 ; gain = 0.000
INFO: [Timing 38-480] Writing timing data to binary archive.
Writing XDEF routing.
Writing XDEF routing logical nets.
Writing XDEF routing special nets.
Write XDEF Complete: Time (s): cpu = 00:00:11 ; elapsed = 00:00:04 . Memory (MB): peak = 4187.125 ; gain = 0.000
INFO: [Common 17-1381] The checkpoint 'D:/FPGA/Vivaldo Project/Digital_Font_End_LTE/Downlink/DUC/duc/duc.runs/impl_1/duc_wrapper_physopt.dcp' has been generated.
write_checkpoint: Time (s): cpu = 00:00:16 ; elapsed = 00:00:09 . Memory (MB): peak = 4187.125 ; gain = 0.000
Command: route_design
Attempting to get a license for feature 'Implementation' and/or device 'xck26'
INFO: [Common 17-349] Got license for feature 'Implementation' and/or device 'xck26'
Running DRC as a precondition to command route_design
INFO: [DRC 23-27] Running DRC with 2 threads
INFO: [Vivado_Tcl 4-198] DRC finished with 0 Errors
INFO: [Vivado_Tcl 4-199] Please refer to the DRC report (report_drc) for more information.


Starting Routing Task
INFO: [Route 35-254] Multithreading enabled for route_design using a maximum of 2 CPUs

Phase 1 Build RT Design
Checksum: PlaceDB: ee5c9538 ConstDB: 0 ShapeSum: 522217ca RouteDB: 531d7165
Nodegraph reading from file.  Time (s): cpu = 00:00:01 ; elapsed = 00:00:01 . Memory (MB): peak = 4187.125 ; gain = 0.000
Post Restoration Checksum: NetGraph: b923b7ce NumContArr: 3b5d64a6 Constraints: abe52d1 Timing: 0
Phase 1 Build RT Design | Checksum: ff3f6f45

Time (s): cpu = 00:00:21 ; elapsed = 00:00:15 . Memory (MB): peak = 4187.125 ; gain = 0.000

Phase 2 Router Initialization

Phase 2.1 Fix Topology Constraints
Phase 2.1 Fix Topology Constraints | Checksum: ff3f6f45

Time (s): cpu = 00:00:22 ; elapsed = 00:00:16 . Memory (MB): peak = 4187.125 ; gain = 0.000

Phase 2.2 Pre Route Cleanup
Phase 2.2 Pre Route Cleanup | Checksum: ff3f6f45

Time (s): cpu = 00:00:22 ; elapsed = 00:00:16 . Memory (MB): peak = 4187.125 ; gain = 0.000

Phase 2.3 Global Clock Net Routing
 Number of Nodes with overlaps = 0
Phase 2.3 Global Clock Net Routing | Checksum: 1c0b4c18d

Time (s): cpu = 00:00:24 ; elapsed = 00:00:18 . Memory (MB): peak = 4187.125 ; gain = 0.000

Phase 2.4 Update Timing
Phase 2.4 Update Timing | Checksum: 1c987879c

Time (s): cpu = 00:00:34 ; elapsed = 00:00:24 . Memory (MB): peak = 4187.125 ; gain = 0.000
INFO: [Route 35-416] Intermediate Timing Summary | WNS=2.513  | TNS=0.000  | WHS=-0.086 | THS=-171.350|


Phase 2.5 Update Timing for Bus Skew

Phase 2.5.1 Update Timing
Phase 2.5.1 Update Timing | Checksum: ff901fb8

Time (s): cpu = 00:00:59 ; elapsed = 00:00:40 . Memory (MB): peak = 4187.125 ; gain = 0.000
INFO: [Route 35-416] Intermediate Timing Summary | WNS=2.513  | TNS=0.000  | WHS=N/A    | THS=N/A    |

Phase 2.5 Update Timing for Bus Skew | Checksum: 19ce600ae

Time (s): cpu = 00:00:59 ; elapsed = 00:00:40 . Memory (MB): peak = 4187.125 ; gain = 0.000

Router Utilization Summary
  Global Vertical Routing Utilization    = 0.00128045 %
  Global Horizontal Routing Utilization  = 0.00084957 %
  Routable Net Status*
  *Does not include unroutable nets such as driverless and loadless.
  Run report_route_status for detailed report.
  Number of Failed Nets               = 32904
    (Failed Nets is the sum of unrouted and partially routed nets)
  Number of Unrouted Nets             = 28063
  Number of Partially Routed Nets     = 4841
  Number of Node Overlaps             = 0

Phase 2 Router Initialization | Checksum: 196bd8903

Time (s): cpu = 00:01:01 ; elapsed = 00:00:41 . Memory (MB): peak = 4187.125 ; gain = 0.000

Phase 3 Initial Routing

Phase 3.1 Global Routing
Phase 3.1 Global Routing | Checksum: 196bd8903

Time (s): cpu = 00:01:01 ; elapsed = 00:00:41 . Memory (MB): peak = 4187.125 ; gain = 0.000
Phase 3 Initial Routing | Checksum: 1eb4b7a33

Time (s): cpu = 00:01:17 ; elapsed = 00:00:51 . Memory (MB): peak = 4187.125 ; gain = 0.000

Phase 4 Rip-up And Reroute

Phase 4.1 Global Iteration 0
 Number of Nodes with overlaps = 5628
 Number of Nodes with overlaps = 351
 Number of Nodes with overlaps = 20
 Number of Nodes with overlaps = 5
 Number of Nodes with overlaps = 0
INFO: [Route 35-416] Intermediate Timing Summary | WNS=1.920  | TNS=0.000  | WHS=-0.062 | THS=-0.824 |

Phase 4.1 Global Iteration 0 | Checksum: 1d9015d79

Time (s): cpu = 00:02:23 ; elapsed = 00:01:33 . Memory (MB): peak = 4187.125 ; gain = 0.000

Phase 4.2 Additional Iteration for Hold
Phase 4.2 Additional Iteration for Hold | Checksum: 1c6cd7057

Time (s): cpu = 00:02:23 ; elapsed = 00:01:33 . Memory (MB): peak = 4187.125 ; gain = 0.000
Phase 4 Rip-up And Reroute | Checksum: 1c6cd7057

Time (s): cpu = 00:02:23 ; elapsed = 00:01:33 . Memory (MB): peak = 4187.125 ; gain = 0.000

Phase 5 Delay and Skew Optimization

Phase 5.1 Delay CleanUp

Phase 5.1.1 Update Timing
Phase 5.1.1 Update Timing | Checksum: 18ae8bdc9

Time (s): cpu = 00:02:33 ; elapsed = 00:01:39 . Memory (MB): peak = 4187.125 ; gain = 0.000
INFO: [Route 35-416] Intermediate Timing Summary | WNS=1.920  | TNS=0.000  | WHS=0.010  | THS=0.000  |


Phase 5.1.2 Update Timing
Phase 5.1.2 Update Timing | Checksum: 132710aaf

Time (s): cpu = 00:02:39 ; elapsed = 00:01:44 . Memory (MB): peak = 4187.125 ; gain = 0.000
INFO: [Route 35-416] Intermediate Timing Summary | WNS=1.920  | TNS=0.000  | WHS=0.010  | THS=0.000  |

Phase 5.1 Delay CleanUp | Checksum: 12d3fbebe

Time (s): cpu = 00:02:40 ; elapsed = 00:01:44 . Memory (MB): peak = 4187.125 ; gain = 0.000

Phase 5.2 Clock Skew Optimization
Phase 5.2 Clock Skew Optimization | Checksum: 12d3fbebe

Time (s): cpu = 00:02:40 ; elapsed = 00:01:44 . Memory (MB): peak = 4187.125 ; gain = 0.000
Phase 5 Delay and Skew Optimization | Checksum: 12d3fbebe

Time (s): cpu = 00:02:40 ; elapsed = 00:01:44 . Memory (MB): peak = 4187.125 ; gain = 0.000

Phase 6 Post Hold Fix

Phase 6.1 Hold Fix Iter

Phase 6.1.1 Update Timing
Phase 6.1.1 Update Timing | Checksum: c5ed157a

Time (s): cpu = 00:02:46 ; elapsed = 00:01:49 . Memory (MB): peak = 4187.125 ; gain = 0.000
INFO: [Route 35-416] Intermediate Timing Summary | WNS=1.920  | TNS=0.000  | WHS=0.010  | THS=0.000  |

Phase 6.1 Hold Fix Iter | Checksum: e04fdcd2

Time (s): cpu = 00:02:46 ; elapsed = 00:01:49 . Memory (MB): peak = 4187.125 ; gain = 0.000
Phase 6 Post Hold Fix | Checksum: e04fdcd2

Time (s): cpu = 00:02:47 ; elapsed = 00:01:49 . Memory (MB): peak = 4187.125 ; gain = 0.000

Phase 7 Route finalize

Router Utilization Summary
  Global Vertical Routing Utilization    = 2.96028 %
  Global Horizontal Routing Utilization  = 3.43023 %
  Routable Net Status*
  *Does not include unroutable nets such as driverless and loadless.
  Run report_route_status for detailed report.
  Number of Failed Nets               = 0
    (Failed Nets is the sum of unrouted and partially routed nets)
  Number of Unrouted Nets             = 0
  Number of Partially Routed Nets     = 0
  Number of Node Overlaps             = 0

Phase 7 Route finalize | Checksum: 17c1581c1

Time (s): cpu = 00:02:47 ; elapsed = 00:01:50 . Memory (MB): peak = 4187.125 ; gain = 0.000

Phase 8 Verifying routed nets

 Verification completed successfully
Phase 8 Verifying routed nets | Checksum: 17c1581c1

Time (s): cpu = 00:02:48 ; elapsed = 00:01:50 . Memory (MB): peak = 4187.125 ; gain = 0.000

Phase 9 Depositing Routes
Phase 9 Depositing Routes | Checksum: 17c1581c1

Time (s): cpu = 00:02:52 ; elapsed = 00:01:55 . Memory (MB): peak = 4187.125 ; gain = 0.000

Phase 10 Resolve XTalk
Phase 10 Resolve XTalk | Checksum: 17c1581c1

Time (s): cpu = 00:02:52 ; elapsed = 00:01:55 . Memory (MB): peak = 4187.125 ; gain = 0.000

Phase 11 Post Router Timing
INFO: [Route 35-57] Estimated Timing Summary | WNS=1.920  | TNS=0.000  | WHS=0.010  | THS=0.000  |

INFO: [Route 35-327] The final timing numbers are based on the router estimated timing analysis. For a complete and accurate timing signoff, please run report_timing_summary.
Phase 11 Post Router Timing | Checksum: 17c1581c1

Time (s): cpu = 00:02:55 ; elapsed = 00:01:57 . Memory (MB): peak = 4187.125 ; gain = 0.000
INFO: [Route 35-16] Router Completed Successfully

Time (s): cpu = 00:02:55 ; elapsed = 00:01:57 . Memory (MB): peak = 4187.125 ; gain = 0.000

Routing Is Done.
INFO: [Common 17-83] Releasing license: Implementation
130 Infos, 3 Warnings, 0 Critical Warnings and 0 Errors encountered.
route_design completed successfully
route_design: Time (s): cpu = 00:03:05 ; elapsed = 00:02:02 . Memory (MB): peak = 4187.125 ; gain = 0.000
INFO: [Timing 38-480] Writing timing data to binary archive.
Writing XDEF routing.
Writing XDEF routing logical nets.
Writing XDEF routing special nets.
Write XDEF Complete: Time (s): cpu = 00:00:13 ; elapsed = 00:00:05 . Memory (MB): peak = 4187.125 ; gain = 0.000
report_design_analysis: Time (s): cpu = 00:00:06 ; elapsed = 00:00:05 . Memory (MB): peak = 4187.125 ; gain = 0.000
INFO: [Common 17-1381] The checkpoint 'D:/FPGA/Vivaldo Project/Digital_Font_End_LTE/Downlink/DUC/duc/duc.runs/impl_1/duc_wrapper_routed.dcp' has been generated.
write_checkpoint: Time (s): cpu = 00:00:22 ; elapsed = 00:00:14 . Memory (MB): peak = 4187.125 ; gain = 0.000
INFO: [runtcl-4] Executing : report_drc -file duc_wrapper_drc_routed.rpt -pb duc_wrapper_drc_routed.pb -rpx duc_wrapper_drc_routed.rpx
Command: report_drc -file duc_wrapper_drc_routed.rpt -pb duc_wrapper_drc_routed.pb -rpx duc_wrapper_drc_routed.rpx
INFO: [IP_Flow 19-1839] IP Catalog is up to date.
INFO: [DRC 23-27] Running DRC with 2 threads
INFO: [Vivado_Tcl 2-168] The results of DRC are in file D:/FPGA/Vivaldo Project/Digital_Font_End_LTE/Downlink/DUC/duc/duc.runs/impl_1/duc_wrapper_drc_routed.rpt.
report_drc completed successfully
report_drc: Time (s): cpu = 00:00:21 ; elapsed = 00:00:12 . Memory (MB): peak = 4187.125 ; gain = 0.000
INFO: [runtcl-4] Executing : report_methodology -file duc_wrapper_methodology_drc_routed.rpt -pb duc_wrapper_methodology_drc_routed.pb -rpx duc_wrapper_methodology_drc_routed.rpx
Command: report_methodology -file duc_wrapper_methodology_drc_routed.rpt -pb duc_wrapper_methodology_drc_routed.pb -rpx duc_wrapper_methodology_drc_routed.rpx
INFO: [Timing 38-35] Done setting XDC timing constraints.
INFO: [DRC 23-133] Running Methodology with 2 threads
INFO: [Vivado_Tcl 2-1520] The results of Report Methodology are in file D:/FPGA/Vivaldo Project/Digital_Font_End_LTE/Downlink/DUC/duc/duc.runs/impl_1/duc_wrapper_methodology_drc_routed.rpt.
report_methodology completed successfully
report_methodology: Time (s): cpu = 00:00:20 ; elapsed = 00:00:11 . Memory (MB): peak = 4187.125 ; gain = 0.000
INFO: [runtcl-4] Executing : report_power -file duc_wrapper_power_routed.rpt -pb duc_wrapper_power_summary_routed.pb -rpx duc_wrapper_power_routed.rpx
Command: report_power -file duc_wrapper_power_routed.rpt -pb duc_wrapper_power_summary_routed.pb -rpx duc_wrapper_power_routed.rpx
INFO: [Timing 38-35] Done setting XDC timing constraints.
Running Vector-less Activity Propagation...

Finished Running Vector-less Activity Propagation
WARNING: [Power 33-332] Found switching activity that implies high-fanout reset nets being asserted for excessive periods of time which may result in inaccurate power analysis.
Resolution: To review and fix problems, please run Power Constraints Advisor in the GUI from Tools > Power Constraints Advisor or run report_power with the -advisory option to generate a text report.
142 Infos, 4 Warnings, 0 Critical Warnings and 0 Errors encountered.
report_power completed successfully
report_power: Time (s): cpu = 00:00:27 ; elapsed = 00:00:19 . Memory (MB): peak = 4187.125 ; gain = 0.000
INFO: [runtcl-4] Executing : report_route_status -file duc_wrapper_route_status.rpt -pb duc_wrapper_route_status.pb
INFO: [runtcl-4] Executing : report_timing_summary -max_paths 10 -report_unconstrained -file duc_wrapper_timing_summary_routed.rpt -pb duc_wrapper_timing_summary_routed.pb -rpx duc_wrapper_timing_summary_routed.rpx -warn_on_violation 
INFO: [Timing 38-91] UpdateTimingParams: Speed grade: -2LV, Temperature grade: C, Delay Type: min_max.
INFO: [Timing 38-191] Multithreading enabled for timing update using a maximum of 2 CPUs
WARNING: [Timing 38-436] There are set_bus_skew constraint(s) in this design. Please run report_bus_skew to ensure that bus skew requirements are met.
INFO: [runtcl-4] Executing : report_incremental_reuse -file duc_wrapper_incremental_reuse_routed.rpt
INFO: [Vivado_Tcl 4-1062] Incremental flow is disabled. No incremental reuse Info to report.
INFO: [runtcl-4] Executing : report_clock_utilization -file duc_wrapper_clock_utilization_routed.rpt
report_clock_utilization: Time (s): cpu = 00:00:05 ; elapsed = 00:00:06 . Memory (MB): peak = 4187.125 ; gain = 0.000
INFO: [runtcl-4] Executing : report_bus_skew -warn_on_violation -file duc_wrapper_bus_skew_routed.rpt -pb duc_wrapper_bus_skew_routed.pb -rpx duc_wrapper_bus_skew_routed.rpx
INFO: [Timing 38-91] UpdateTimingParams: Speed grade: -2LV, Temperature grade: C, Delay Type: min_max.
INFO: [Timing 38-191] Multithreading enabled for timing update using a maximum of 2 CPUs

WARNING::74 - Unsupported FPGA device name 'xck26-sfvc784-2LV-c'. Verify that the specified device is a valid customer supported device.
-p xck26-sfvc784-2LV-c
   ^

INFO: [Memdata 28-167] Found XPM memory block duc_i/smartconnect_0/inst/s02_nodes/s02_w_node/inst/inst_mi_handler/gen_normal_area.inst_fifo_node_payld/gen_xpm_memory_fifo.inst_fifo/gen_mem_rep[0].inst_xpm_memory/xpm_memory_base_inst with a P_MEMORY_PRIMITIVE property set to distributed. A value of block is required. You will not be able to use the updatemem program to update the bitstream with new data for the duc_i/smartconnect_0/inst/s02_nodes/s02_w_node/inst/inst_mi_handler/gen_normal_area.inst_fifo_node_payld/gen_xpm_memory_fifo.inst_fifo/gen_mem_rep[0].inst_xpm_memory/xpm_memory_base_inst block.
INFO: [Memdata 28-167] Found XPM memory block duc_i/smartconnect_0/inst/s02_nodes/s02_w_node/inst/inst_mi_handler/gen_normal_area.gen_fifo_req.inst_fifo_req/gen_xpm_memory_fifo.inst_fifo/gen_mem_rep[0].inst_xpm_memory/xpm_memory_base_inst with a P_MEMORY_PRIMITIVE property set to distributed. A value of block is required. You will not be able to use the updatemem program to update the bitstream with new data for the duc_i/smartconnect_0/inst/s02_nodes/s02_w_node/inst/inst_mi_handler/gen_normal_area.gen_fifo_req.inst_fifo_req/gen_xpm_memory_fifo.inst_fifo/gen_mem_rep[0].inst_xpm_memory/xpm_memory_base_inst block.
INFO: [Memdata 28-167] Found XPM memory block duc_i/smartconnect_0/inst/s02_nodes/s02_b_node/inst/inst_mi_handler/gen_normal_area.inst_fifo_node_payld/gen_xpm_memory_fifo.inst_fifo/gen_mem_rep[0].inst_xpm_memory/xpm_memory_base_inst with a P_MEMORY_PRIMITIVE property set to distributed. A value of block is required. You will not be able to use the updatemem program to update the bitstream with new data for the duc_i/smartconnect_0/inst/s02_nodes/s02_b_node/inst/inst_mi_handler/gen_normal_area.inst_fifo_node_payld/gen_xpm_memory_fifo.inst_fifo/gen_mem_rep[0].inst_xpm_memory/xpm_memory_base_inst block.
INFO: [Memdata 28-167] Found XPM memory block duc_i/smartconnect_0/inst/s02_nodes/s02_aw_node/inst/inst_mi_handler/gen_normal_area.inst_fifo_node_payld/gen_xpm_memory_fifo.inst_fifo/gen_mem_rep[0].inst_xpm_memory/xpm_memory_base_inst with a P_MEMORY_PRIMITIVE property set to distributed. A value of block is required. You will not be able to use the updatemem program to update the bitstream with new data for the duc_i/smartconnect_0/inst/s02_nodes/s02_aw_node/inst/inst_mi_handler/gen_normal_area.inst_fifo_node_payld/gen_xpm_memory_fifo.inst_fifo/gen_mem_rep[0].inst_xpm_memory/xpm_memory_base_inst block.
INFO: [Memdata 28-167] Found XPM memory block duc_i/smartconnect_0/inst/s02_nodes/s02_aw_node/inst/inst_mi_handler/gen_normal_area.gen_fifo_req.inst_fifo_req/gen_xpm_memory_fifo.inst_fifo/gen_mem_rep[0].inst_xpm_memory/xpm_memory_base_inst with a P_MEMORY_PRIMITIVE property set to distributed. A value of block is required. You will not be able to use the updatemem program to update the bitstream with new data for the duc_i/smartconnect_0/inst/s02_nodes/s02_aw_node/inst/inst_mi_handler/gen_normal_area.gen_fifo_req.inst_fifo_req/gen_xpm_memory_fifo.inst_fifo/gen_mem_rep[0].inst_xpm_memory/xpm_memory_base_inst block.
INFO: [Memdata 28-167] Found XPM memory block duc_i/smartconnect_0/inst/s01_nodes/s01_r_node/inst/inst_mi_handler/gen_normal_area.inst_fifo_node_payld/gen_xpm_memory_fifo.inst_fifo/gen_mem_rep[0].inst_xpm_memory/xpm_memory_base_inst with a P_MEMORY_PRIMITIVE property set to distributed. A value of block is required. You will not be able to use the updatemem program to update the bitstream with new data for the duc_i/smartconnect_0/inst/s01_nodes/s01_r_node/inst/inst_mi_handler/gen_normal_area.inst_fifo_node_payld/gen_xpm_memory_fifo.inst_fifo/gen_mem_rep[0].inst_xpm_memory/xpm_memory_base_inst block.
INFO: [Memdata 28-167] Found XPM memory block duc_i/smartconnect_0/inst/s01_nodes/s01_ar_node/inst/inst_mi_handler/gen_normal_area.inst_fifo_node_payld/gen_xpm_memory_fifo.inst_fifo/gen_mem_rep[0].inst_xpm_memory/xpm_memory_base_inst with a P_MEMORY_PRIMITIVE property set to distributed. A value of block is required. You will not be able to use the updatemem program to update the bitstream with new data for the duc_i/smartconnect_0/inst/s01_nodes/s01_ar_node/inst/inst_mi_handler/gen_normal_area.inst_fifo_node_payld/gen_xpm_memory_fifo.inst_fifo/gen_mem_rep[0].inst_xpm_memory/xpm_memory_base_inst block.
INFO: [Memdata 28-167] Found XPM memory block duc_i/smartconnect_0/inst/s01_nodes/s01_ar_node/inst/inst_mi_handler/gen_normal_area.gen_fifo_req.inst_fifo_req/gen_xpm_memory_fifo.inst_fifo/gen_mem_rep[0].inst_xpm_memory/xpm_memory_base_inst with a P_MEMORY_PRIMITIVE property set to distributed. A value of block is required. You will not be able to use the updatemem program to update the bitstream with new data for the duc_i/smartconnect_0/inst/s01_nodes/s01_ar_node/inst/inst_mi_handler/gen_normal_area.gen_fifo_req.inst_fifo_req/gen_xpm_memory_fifo.inst_fifo/gen_mem_rep[0].inst_xpm_memory/xpm_memory_base_inst block.
INFO: [Memdata 28-167] Found XPM memory block duc_i/smartconnect_0/inst/s00_nodes/s00_w_node/inst/inst_mi_handler/gen_normal_area.inst_fifo_node_payld/gen_xpm_memory_fifo.inst_fifo/gen_mem_rep[0].inst_xpm_memory/xpm_memory_base_inst with a P_MEMORY_PRIMITIVE property set to distributed. A value of block is required. You will not be able to use the updatemem program to update the bitstream with new data for the duc_i/smartconnect_0/inst/s00_nodes/s00_w_node/inst/inst_mi_handler/gen_normal_area.inst_fifo_node_payld/gen_xpm_memory_fifo.inst_fifo/gen_mem_rep[0].inst_xpm_memory/xpm_memory_base_inst block.
INFO: [Memdata 28-167] Found XPM memory block duc_i/smartconnect_0/inst/s00_nodes/s00_w_node/inst/inst_mi_handler/gen_normal_area.gen_fifo_req.inst_fifo_req/gen_xpm_memory_fifo.inst_fifo/gen_mem_rep[0].inst_xpm_memory/xpm_memory_base_inst with a P_MEMORY_PRIMITIVE property set to distributed. A value of block is required. You will not be able to use the updatemem program to update the bitstream with new data for the duc_i/smartconnect_0/inst/s00_nodes/s00_w_node/inst/inst_mi_handler/gen_normal_area.gen_fifo_req.inst_fifo_req/gen_xpm_memory_fifo.inst_fifo/gen_mem_rep[0].inst_xpm_memory/xpm_memory_base_inst block.
INFO: [Memdata 28-167] Found XPM memory block duc_i/smartconnect_0/inst/s00_nodes/s00_r_node/inst/inst_mi_handler/gen_normal_area.inst_fifo_node_payld/gen_xpm_memory_fifo.inst_fifo/gen_mem_rep[0].inst_xpm_memory/xpm_memory_base_inst with a P_MEMORY_PRIMITIVE property set to distributed. A value of block is required. You will not be able to use the updatemem program to update the bitstream with new data for the duc_i/smartconnect_0/inst/s00_nodes/s00_r_node/inst/inst_mi_handler/gen_normal_area.inst_fifo_node_payld/gen_xpm_memory_fifo.inst_fifo/gen_mem_rep[0].inst_xpm_memory/xpm_memory_base_inst block.
INFO: [Memdata 28-167] Found XPM memory block duc_i/smartconnect_0/inst/s00_nodes/s00_b_node/inst/inst_mi_handler/gen_normal_area.inst_fifo_node_payld/gen_xpm_memory_fifo.inst_fifo/gen_mem_rep[0].inst_xpm_memory/xpm_memory_base_inst with a P_MEMORY_PRIMITIVE property set to distributed. A value of block is required. You will not be able to use the updatemem program to update the bitstream with new data for the duc_i/smartconnect_0/inst/s00_nodes/s00_b_node/inst/inst_mi_handler/gen_normal_area.inst_fifo_node_payld/gen_xpm_memory_fifo.inst_fifo/gen_mem_rep[0].inst_xpm_memory/xpm_memory_base_inst block.
INFO: [Memdata 28-167] Found XPM memory block duc_i/smartconnect_0/inst/s00_nodes/s00_aw_node/inst/inst_mi_handler/gen_normal_area.inst_fifo_node_payld/gen_xpm_memory_fifo.inst_fifo/gen_mem_rep[0].inst_xpm_memory/xpm_memory_base_inst with a P_MEMORY_PRIMITIVE property set to distributed. A value of block is required. You will not be able to use the updatemem program to update the bitstream with new data for the duc_i/smartconnect_0/inst/s00_nodes/s00_aw_node/inst/inst_mi_handler/gen_normal_area.inst_fifo_node_payld/gen_xpm_memory_fifo.inst_fifo/gen_mem_rep[0].inst_xpm_memory/xpm_memory_base_inst block.
INFO: [Memdata 28-167] Found XPM memory block duc_i/smartconnect_0/inst/s00_nodes/s00_aw_node/inst/inst_mi_handler/gen_normal_area.gen_fifo_req.inst_fifo_req/gen_xpm_memory_fifo.inst_fifo/gen_mem_rep[0].inst_xpm_memory/xpm_memory_base_inst with a P_MEMORY_PRIMITIVE property set to distributed. A value of block is required. You will not be able to use the updatemem program to update the bitstream with new data for the duc_i/smartconnect_0/inst/s00_nodes/s00_aw_node/inst/inst_mi_handler/gen_normal_area.gen_fifo_req.inst_fifo_req/gen_xpm_memory_fifo.inst_fifo/gen_mem_rep[0].inst_xpm_memory/xpm_memory_base_inst block.
INFO: [Memdata 28-167] Found XPM memory block duc_i/smartconnect_0/inst/s00_nodes/s00_ar_node/inst/inst_mi_handler/gen_normal_area.inst_fifo_node_payld/gen_xpm_memory_fifo.inst_fifo/gen_mem_rep[0].inst_xpm_memory/xpm_memory_base_inst with a P_MEMORY_PRIMITIVE property set to distributed. A value of block is required. You will not be able to use the updatemem program to update the bitstream with new data for the duc_i/smartconnect_0/inst/s00_nodes/s00_ar_node/inst/inst_mi_handler/gen_normal_area.inst_fifo_node_payld/gen_xpm_memory_fifo.inst_fifo/gen_mem_rep[0].inst_xpm_memory/xpm_memory_base_inst block.
INFO: [Memdata 28-167] Found XPM memory block duc_i/smartconnect_0/inst/s00_nodes/s00_ar_node/inst/inst_mi_handler/gen_normal_area.gen_fifo_req.inst_fifo_req/gen_xpm_memory_fifo.inst_fifo/gen_mem_rep[0].inst_xpm_memory/xpm_memory_base_inst with a P_MEMORY_PRIMITIVE property set to distributed. A value of block is required. You will not be able to use the updatemem program to update the bitstream with new data for the duc_i/smartconnect_0/inst/s00_nodes/s00_ar_node/inst/inst_mi_handler/gen_normal_area.gen_fifo_req.inst_fifo_req/gen_xpm_memory_fifo.inst_fifo/gen_mem_rep[0].inst_xpm_memory/xpm_memory_base_inst block.
INFO: [Memdata 28-167] Found XPM memory block duc_i/smartconnect_0/inst/m01_nodes/m01_w_node/inst/inst_si_handler/gen_si_handler.gen_request_fifos.gen_req_fifo[0].inst_req_fifo/gen_xpm_memory_fifo.inst_fifo/gen_mem_rep[0].inst_xpm_memory/xpm_memory_base_inst with a P_MEMORY_PRIMITIVE property set to distributed. A value of block is required. You will not be able to use the updatemem program to update the bitstream with new data for the duc_i/smartconnect_0/inst/m01_nodes/m01_w_node/inst/inst_si_handler/gen_si_handler.gen_request_fifos.gen_req_fifo[0].inst_req_fifo/gen_xpm_memory_fifo.inst_fifo/gen_mem_rep[0].inst_xpm_memory/xpm_memory_base_inst block.
INFO: [Memdata 28-167] Found XPM memory block duc_i/smartconnect_0/inst/m01_nodes/m01_w_node/inst/inst_mi_handler/gen_normal_area.inst_fifo_node_payld/gen_xpm_memory_fifo.inst_fifo/gen_mem_rep[0].inst_xpm_memory/xpm_memory_base_inst with a P_MEMORY_PRIMITIVE property set to distributed. A value of block is required. You will not be able to use the updatemem program to update the bitstream with new data for the duc_i/smartconnect_0/inst/m01_nodes/m01_w_node/inst/inst_mi_handler/gen_normal_area.inst_fifo_node_payld/gen_xpm_memory_fifo.inst_fifo/gen_mem_rep[0].inst_xpm_memory/xpm_memory_base_inst block.
INFO: [Memdata 28-167] Found XPM memory block duc_i/smartconnect_0/inst/m01_nodes/m01_r_node/inst/inst_mi_handler/gen_normal_area.inst_fifo_node_payld/gen_xpm_memory_fifo.inst_fifo/gen_mem_rep[0].inst_xpm_memory/xpm_memory_base_inst with a P_MEMORY_PRIMITIVE property set to distributed. A value of block is required. You will not be able to use the updatemem program to update the bitstream with new data for the duc_i/smartconnect_0/inst/m01_nodes/m01_r_node/inst/inst_mi_handler/gen_normal_area.inst_fifo_node_payld/gen_xpm_memory_fifo.inst_fifo/gen_mem_rep[0].inst_xpm_memory/xpm_memory_base_inst block.
INFO: [Memdata 28-167] Found XPM memory block duc_i/smartconnect_0/inst/m01_nodes/m01_r_node/inst/inst_mi_handler/gen_normal_area.gen_fifo_req.inst_fifo_req/gen_xpm_memory_fifo.inst_fifo/gen_mem_rep[0].inst_xpm_memory/xpm_memory_base_inst with a P_MEMORY_PRIMITIVE property set to distributed. A value of block is required. You will not be able to use the updatemem program to update the bitstream with new data for the duc_i/smartconnect_0/inst/m01_nodes/m01_r_node/inst/inst_mi_handler/gen_normal_area.gen_fifo_req.inst_fifo_req/gen_xpm_memory_fifo.inst_fifo/gen_mem_rep[0].inst_xpm_memory/xpm_memory_base_inst block.
INFO: [Memdata 28-167] Found XPM memory block duc_i/smartconnect_0/inst/m01_nodes/m01_b_node/inst/inst_mi_handler/gen_normal_area.inst_fifo_node_payld/gen_xpm_memory_fifo.inst_fifo/gen_mem_rep[0].inst_xpm_memory/xpm_memory_base_inst with a P_MEMORY_PRIMITIVE property set to distributed. A value of block is required. You will not be able to use the updatemem program to update the bitstream with new data for the duc_i/smartconnect_0/inst/m01_nodes/m01_b_node/inst/inst_mi_handler/gen_normal_area.inst_fifo_node_payld/gen_xpm_memory_fifo.inst_fifo/gen_mem_rep[0].inst_xpm_memory/xpm_memory_base_inst block.
INFO: [Memdata 28-167] Found XPM memory block duc_i/smartconnect_0/inst/m01_nodes/m01_b_node/inst/inst_mi_handler/gen_normal_area.gen_fifo_req.inst_fifo_req/gen_xpm_memory_fifo.inst_fifo/gen_mem_rep[0].inst_xpm_memory/xpm_memory_base_inst with a P_MEMORY_PRIMITIVE property set to distributed. A value of block is required. You will not be able to use the updatemem program to update the bitstream with new data for the duc_i/smartconnect_0/inst/m01_nodes/m01_b_node/inst/inst_mi_handler/gen_normal_area.gen_fifo_req.inst_fifo_req/gen_xpm_memory_fifo.inst_fifo/gen_mem_rep[0].inst_xpm_memory/xpm_memory_base_inst block.
INFO: [Memdata 28-167] Found XPM memory block duc_i/smartconnect_0/inst/m01_nodes/m01_aw_node/inst/inst_mi_handler/gen_normal_area.inst_fifo_node_payld/gen_xpm_memory_fifo.inst_fifo/gen_mem_rep[0].inst_xpm_memory/xpm_memory_base_inst with a P_MEMORY_PRIMITIVE property set to distributed. A value of block is required. You will not be able to use the updatemem program to update the bitstream with new data for the duc_i/smartconnect_0/inst/m01_nodes/m01_aw_node/inst/inst_mi_handler/gen_normal_area.inst_fifo_node_payld/gen_xpm_memory_fifo.inst_fifo/gen_mem_rep[0].inst_xpm_memory/xpm_memory_base_inst block.
INFO: [Memdata 28-167] Found XPM memory block duc_i/smartconnect_0/inst/m01_nodes/m01_ar_node/inst/inst_mi_handler/gen_normal_area.inst_fifo_node_payld/gen_xpm_memory_fifo.inst_fifo/gen_mem_rep[0].inst_xpm_memory/xpm_memory_base_inst with a P_MEMORY_PRIMITIVE property set to distributed. A value of block is required. You will not be able to use the updatemem program to update the bitstream with new data for the duc_i/smartconnect_0/inst/m01_nodes/m01_ar_node/inst/inst_mi_handler/gen_normal_area.inst_fifo_node_payld/gen_xpm_memory_fifo.inst_fifo/gen_mem_rep[0].inst_xpm_memory/xpm_memory_base_inst block.
INFO: [Memdata 28-167] Found XPM memory block duc_i/smartconnect_0/inst/m00_nodes/m00_w_node/inst/inst_si_handler/gen_si_handler.gen_request_fifos.gen_req_fifo[2].inst_req_fifo/gen_xpm_memory_fifo.inst_fifo/gen_mem_rep[0].inst_xpm_memory/xpm_memory_base_inst with a P_MEMORY_PRIMITIVE property set to distributed. A value of block is required. You will not be able to use the updatemem program to update the bitstream with new data for the duc_i/smartconnect_0/inst/m00_nodes/m00_w_node/inst/inst_si_handler/gen_si_handler.gen_request_fifos.gen_req_fifo[2].inst_req_fifo/gen_xpm_memory_fifo.inst_fifo/gen_mem_rep[0].inst_xpm_memory/xpm_memory_base_inst block.
INFO: [Memdata 28-167] Found XPM memory block duc_i/smartconnect_0/inst/m00_nodes/m00_w_node/inst/inst_si_handler/gen_si_handler.gen_request_fifos.gen_req_fifo[0].inst_req_fifo/gen_xpm_memory_fifo.inst_fifo/gen_mem_rep[0].inst_xpm_memory/xpm_memory_base_inst with a P_MEMORY_PRIMITIVE property set to distributed. A value of block is required. You will not be able to use the updatemem program to update the bitstream with new data for the duc_i/smartconnect_0/inst/m00_nodes/m00_w_node/inst/inst_si_handler/gen_si_handler.gen_request_fifos.gen_req_fifo[0].inst_req_fifo/gen_xpm_memory_fifo.inst_fifo/gen_mem_rep[0].inst_xpm_memory/xpm_memory_base_inst block.
INFO: [Memdata 28-167] Found XPM memory block duc_i/smartconnect_0/inst/m00_nodes/m00_w_node/inst/inst_mi_handler/gen_normal_area.inst_fifo_node_payld/gen_xpm_memory_fifo.inst_fifo/gen_mem_rep[0].inst_xpm_memory/xpm_memory_base_inst with a P_MEMORY_PRIMITIVE property set to distributed. A value of block is required. You will not be able to use the updatemem program to update the bitstream with new data for the duc_i/smartconnect_0/inst/m00_nodes/m00_w_node/inst/inst_mi_handler/gen_normal_area.inst_fifo_node_payld/gen_xpm_memory_fifo.inst_fifo/gen_mem_rep[0].inst_xpm_memory/xpm_memory_base_inst block.
INFO: [Memdata 28-167] Found XPM memory block duc_i/smartconnect_0/inst/m00_nodes/m00_r_node/inst/inst_mi_handler/gen_normal_area.inst_fifo_node_payld/gen_xpm_memory_fifo.inst_fifo/gen_mem_rep[0].inst_xpm_memory/xpm_memory_base_inst with a P_MEMORY_PRIMITIVE property set to distributed. A value of block is required. You will not be able to use the updatemem program to update the bitstream with new data for the duc_i/smartconnect_0/inst/m00_nodes/m00_r_node/inst/inst_mi_handler/gen_normal_area.inst_fifo_node_payld/gen_xpm_memory_fifo.inst_fifo/gen_mem_rep[0].inst_xpm_memory/xpm_memory_base_inst block.
INFO: [Memdata 28-167] Found XPM memory block duc_i/smartconnect_0/inst/m00_nodes/m00_r_node/inst/inst_mi_handler/gen_normal_area.gen_fifo_req.inst_fifo_req/gen_xpm_memory_fifo.inst_fifo/gen_mem_rep[0].inst_xpm_memory/xpm_memory_base_inst with a P_MEMORY_PRIMITIVE property set to distributed. A value of block is required. You will not be able to use the updatemem program to update the bitstream with new data for the duc_i/smartconnect_0/inst/m00_nodes/m00_r_node/inst/inst_mi_handler/gen_normal_area.gen_fifo_req.inst_fifo_req/gen_xpm_memory_fifo.inst_fifo/gen_mem_rep[0].inst_xpm_memory/xpm_memory_base_inst block.
INFO: [Memdata 28-167] Found XPM memory block duc_i/smartconnect_0/inst/m00_nodes/m00_b_node/inst/inst_mi_handler/gen_normal_area.inst_fifo_node_payld/gen_xpm_memory_fifo.inst_fifo/gen_mem_rep[0].inst_xpm_memory/xpm_memory_base_inst with a P_MEMORY_PRIMITIVE property set to distributed. A value of block is required. You will not be able to use the updatemem program to update the bitstream with new data for the duc_i/smartconnect_0/inst/m00_nodes/m00_b_node/inst/inst_mi_handler/gen_normal_area.inst_fifo_node_payld/gen_xpm_memory_fifo.inst_fifo/gen_mem_rep[0].inst_xpm_memory/xpm_memory_base_inst block.
INFO: [Memdata 28-167] Found XPM memory block duc_i/smartconnect_0/inst/m00_nodes/m00_b_node/inst/inst_mi_handler/gen_normal_area.gen_fifo_req.inst_fifo_req/gen_xpm_memory_fifo.inst_fifo/gen_mem_rep[0].inst_xpm_memory/xpm_memory_base_inst with a P_MEMORY_PRIMITIVE property set to distributed. A value of block is required. You will not be able to use the updatemem program to update the bitstream with new data for the duc_i/smartconnect_0/inst/m00_nodes/m00_b_node/inst/inst_mi_handler/gen_normal_area.gen_fifo_req.inst_fifo_req/gen_xpm_memory_fifo.inst_fifo/gen_mem_rep[0].inst_xpm_memory/xpm_memory_base_inst block.
INFO: [Memdata 28-167] Found XPM memory block duc_i/smartconnect_0/inst/m00_nodes/m00_aw_node/inst/inst_mi_handler/gen_normal_area.inst_fifo_node_payld/gen_xpm_memory_fifo.inst_fifo/gen_mem_rep[0].inst_xpm_memory/xpm_memory_base_inst with a P_MEMORY_PRIMITIVE property set to distributed. A value of block is required. You will not be able to use the updatemem program to update the bitstream with new data for the duc_i/smartconnect_0/inst/m00_nodes/m00_aw_node/inst/inst_mi_handler/gen_normal_area.inst_fifo_node_payld/gen_xpm_memory_fifo.inst_fifo/gen_mem_rep[0].inst_xpm_memory/xpm_memory_base_inst block.
INFO: [Memdata 28-167] Found XPM memory block duc_i/smartconnect_0/inst/m00_nodes/m00_ar_node/inst/inst_mi_handler/gen_normal_area.inst_fifo_node_payld/gen_xpm_memory_fifo.inst_fifo/gen_mem_rep[0].inst_xpm_memory/xpm_memory_base_inst with a P_MEMORY_PRIMITIVE property set to distributed. A value of block is required. You will not be able to use the updatemem program to update the bitstream with new data for the duc_i/smartconnect_0/inst/m00_nodes/m00_ar_node/inst/inst_mi_handler/gen_normal_area.inst_fifo_node_payld/gen_xpm_memory_fifo.inst_fifo/gen_mem_rep[0].inst_xpm_memory/xpm_memory_base_inst block.
INFO: [Memdata 28-167] Found XPM memory block duc_i/axi_dma_0/U0/I_PRMRY_DATAMOVER/GEN_S2MM_FULL.I_S2MM_FULL_WRAPPER/GEN_ENABLE_INDET_BTT_SF.I_INDET_BTT/I_XD_FIFO/NON_BLK_MEM.I_SYNC_FIFOGEN_FIFO/xpm_fifo_instance.xpm_fifo_sync_inst/xpm_fifo_base_inst/gen_sdpram.xpm_memory_base_inst with a P_MEMORY_PRIMITIVE property set to auto. A value of block is required. You will not be able to use the updatemem program to update the bitstream with new data for the duc_i/axi_dma_0/U0/I_PRMRY_DATAMOVER/GEN_S2MM_FULL.I_S2MM_FULL_WRAPPER/GEN_ENABLE_INDET_BTT_SF.I_INDET_BTT/I_XD_FIFO/NON_BLK_MEM.I_SYNC_FIFOGEN_FIFO/xpm_fifo_instance.xpm_fifo_sync_inst/xpm_fifo_base_inst/gen_sdpram.xpm_memory_base_inst block.
INFO: [Memdata 28-208] The XPM instance: <duc_i/axi_dma_0/U0/I_PRMRY_DATAMOVER/GEN_S2MM_FULL.I_S2MM_FULL_WRAPPER/GEN_ENABLE_INDET_BTT_SF.I_INDET_BTT/I_DATA_FIFO/BLK_MEM.I_SYNC_FIFOGEN_FIFO/xpm_fifo_instance.xpm_fifo_sync_inst/xpm_fifo_base_inst/gen_sdpram.xpm_memory_base_inst> is part of IP: <duc_i/axi_dma_0>. This XPM instance will be excluded from the .mmi because updatemem is prohibited from making changes to an XPM that is part of an IP.
INFO: [Memdata 28-208] The XPM instance: <duc_i/axi_dma_0/U0/I_PRMRY_DATAMOVER/GEN_MM2S_FULL.I_MM2S_FULL_WRAPPER/GEN_INCLUDE_MM2S_SF.I_RD_SF/I_DATA_FIFO/BLK_MEM.I_SYNC_FIFOGEN_FIFO/xpm_fifo_instance.xpm_fifo_sync_inst/xpm_fifo_base_inst/gen_sdpram.xpm_memory_base_inst> is part of IP: <duc_i/axi_dma_0>. This XPM instance will be excluded from the .mmi because updatemem is prohibited from making changes to an XPM that is part of an IP.
Command: write_bitstream -force duc_wrapper.bit
Attempting to get a license for feature 'Implementation' and/or device 'xck26'
INFO: [Common 17-349] Got license for feature 'Implementation' and/or device 'xck26'
Running DRC as a precondition to command write_bitstream
INFO: [IP_Flow 19-1839] IP Catalog is up to date.
INFO: [DRC 23-27] Running DRC with 2 threads
WARNING: [DRC PDCN-1569] LUT equation term check: Used physical LUT pin 'A2' of cell dbg_hub/inst/BSCANID.u_xsdbm_id/SWITCH_N_EXT_BSCAN.bscan_switch/temp_curid[31]_i_1 (pin dbg_hub/inst/BSCANID.u_xsdbm_id/SWITCH_N_EXT_BSCAN.bscan_switch/temp_curid[31]_i_1/I1) is not included in the LUT equation: 'O5=(A5*A1)+(A5*(~A1)*(~A4))+((~A5))'. If this cell is a user instantiated LUT in the design, please remove connectivity to the pin or change the equation and/or INIT string of the LUT to prevent this issue. If the cell is inferred or IP created LUT, please regenerate the IP and/or resynthesize the design to attempt to correct the issue.
WARNING: [DRC PDCN-1569] LUT equation term check: Used physical LUT pin 'A3' of cell dbg_hub/inst/BSCANID.u_xsdbm_id/SWITCH_N_EXT_BSCAN.bscan_switch/temp_curid[31]_i_1 (pin dbg_hub/inst/BSCANID.u_xsdbm_id/SWITCH_N_EXT_BSCAN.bscan_switch/temp_curid[31]_i_1/I0) is not included in the LUT equation: 'O5=(A5*A1)+(A5*(~A1)*(~A4))+((~A5))'. If this cell is a user instantiated LUT in the design, please remove connectivity to the pin or change the equation and/or INIT string of the LUT to prevent this issue. If the cell is inferred or IP created LUT, please regenerate the IP and/or resynthesize the design to attempt to correct the issue.
WARNING: [DRC PDCN-1569] LUT equation term check: Used physical LUT pin 'A5' of cell dbg_hub/inst/BSCANID.u_xsdbm_id/SWITCH_N_EXT_BSCAN.id_state[0]_i_1 (pin dbg_hub/inst/BSCANID.u_xsdbm_id/SWITCH_N_EXT_BSCAN.id_state[0]_i_1/I0) is not included in the LUT equation: 'O6=(A6+~A6)*((A1))'. If this cell is a user instantiated LUT in the design, please remove connectivity to the pin or change the equation and/or INIT string of the LUT to prevent this issue. If the cell is inferred or IP created LUT, please regenerate the IP and/or resynthesize the design to attempt to correct the issue.
WARNING: [DRC REQP-1935] RAMB36E2_nochange_collision_advisory: Synchronous clocking is detected for BRAM (duc_i/axi_dma_0/U0/I_PRMRY_DATAMOVER/GEN_MM2S_FULL.I_MM2S_FULL_WRAPPER/GEN_INCLUDE_MM2S_SF.I_RD_SF/I_DATA_FIFO/BLK_MEM.I_SYNC_FIFOGEN_FIFO/xpm_fifo_instance.xpm_fifo_sync_inst/xpm_fifo_base_inst/gen_sdpram.xpm_memory_base_inst/gen_wr_a.gen_word_narrow.mem_reg) in SDP mode with NO_CHANGE write-mode. This is the preferred mode for best power characteristics. However, NO_CHANGE may exhibit address collisions if the same address appears on both read and write ports resulting in unknown or corrupted read data. It is suggested to confirm via simulation that an address collision never occurs and if so it is suggested to try and avoid this situation. If address collisions cannot be avoided, the write-mode may be set to READ_FIRST which guarantees that the read data is the prior contents of the memory at the cost of additional power in the design. See the FPGA Memory Resources User Guide for additional information.
WARNING: [DRC REQP-1935] RAMB36E2_nochange_collision_advisory: Synchronous clocking is detected for BRAM (duc_i/axi_dma_0/U0/I_PRMRY_DATAMOVER/GEN_S2MM_FULL.I_S2MM_FULL_WRAPPER/GEN_ENABLE_INDET_BTT_SF.I_INDET_BTT/I_DATA_FIFO/BLK_MEM.I_SYNC_FIFOGEN_FIFO/xpm_fifo_instance.xpm_fifo_sync_inst/xpm_fifo_base_inst/gen_sdpram.xpm_memory_base_inst/gen_wr_a.gen_word_narrow.mem_reg) in SDP mode with NO_CHANGE write-mode. This is the preferred mode for best power characteristics. However, NO_CHANGE may exhibit address collisions if the same address appears on both read and write ports resulting in unknown or corrupted read data. It is suggested to confirm via simulation that an address collision never occurs and if so it is suggested to try and avoid this situation. If address collisions cannot be avoided, the write-mode may be set to READ_FIRST which guarantees that the read data is the prior contents of the memory at the cost of additional power in the design. See the FPGA Memory Resources User Guide for additional information.
WARNING: [DRC RTSTAT-10] No routable loads: 49 net(s) have no routable loads. The problem bus(es) and/or net(s) are dbg_hub/inst/BSCANID.u_xsdbm_id/SWITCH_N_EXT_BSCAN.bscan_inst/TMS, dbg_hub/inst/BSCANID.u_xsdbm_id/CORE_XSDB.UUT_MASTER/U_ICON_INTERFACE/U_CMD6_RD/U_RD_FIFO/SUBCORE_FIFO.xsdbm_v3_0_0_rdfifo_inst/inst_fifo_gen/gconvfifo.rf/grf.rf/gntv_or_sync_fifo.gl0.rd/gr1.gr1_int.rfwft/aempty_fwft_i, dbg_hub/inst/BSCANID.u_xsdbm_id/CORE_XSDB.UUT_MASTER/U_ICON_INTERFACE/U_CMD7_CTL/ctl_reg[2:0], dbg_hub/inst/BSCANID.u_xsdbm_id/CORE_XSDB.UUT_MASTER/U_ICON_INTERFACE/U_CMD7_CTL/ctl_reg_en_2[1], dbg_hub/inst/BSCANID.u_xsdbm_id/CORE_XSDB.UUT_MASTER/U_ICON_INTERFACE/U_CMD1/ctl_reg_en_2[1], dbg_hub/inst/BSCANID.u_xsdbm_id/SWITCH_N_EXT_BSCAN.bscan_switch/m_bscan_capture[0], dbg_hub/inst/BSCANID.u_xsdbm_id/SWITCH_N_EXT_BSCAN.bscan_switch/m_bscan_drck[0], dbg_hub/inst/BSCANID.u_xsdbm_id/SWITCH_N_EXT_BSCAN.bscan_switch/m_bscan_runtest[0], dbg_hub/inst/BSCANID.u_xsdbm_id/CORE_XSDB.UUT_MASTER/U_ICON_INTERFACE/U_CMD6_WR/U_WR_FIFO/SUBCORE_FIFO.xsdbm_v3_0_0_wrfifo_inst/inst_fifo_gen/gconvfifo.rf/grf.rf/rstblk/ngwrdrst.grst.rd_rst_reg[0], dbg_hub/inst/BSCANID.u_xsdbm_id/CORE_XSDB.UUT_MASTER/U_ICON_INTERFACE/U_CMD6_WR/U_WR_FIFO/SUBCORE_FIFO.xsdbm_v3_0_0_wrfifo_inst/inst_fifo_gen/gconvfifo.rf/grf.rf/rstblk/ngwrdrst.grst.wr_rst_reg[2], dbg_hub/inst/BSCANID.u_xsdbm_id/CORE_XSDB.UUT_MASTER/U_ICON_INTERFACE/U_CMD6_RD/U_RD_FIFO/SUBCORE_FIFO.xsdbm_v3_0_0_rdfifo_inst/inst_fifo_gen/gconvfifo.rf/grf.rf/rstblk/ngwrdrst.grst.wr_rst_reg[2], dbg_hub/inst/BSCANID.u_xsdbm_id/CORE_XSDB.UUT_MASTER/U_ICON_INTERFACE/U_CMD6_WR/U_WR_FIFO/SUBCORE_FIFO.xsdbm_v3_0_0_wrfifo_inst/inst_fifo_gen/gconvfifo.rf/grf.rf/gntv_or_sync_fifo.gl0.wr/gwhf.whf/overflow, dbg_hub/inst/BSCANID.u_xsdbm_id/CORE_XSDB.UUT_MASTER/U_ICON_INTERFACE/U_CMD6_RD/U_RD_FIFO/SUBCORE_FIFO.xsdbm_v3_0_0_rdfifo_inst/inst_fifo_gen/gconvfifo.rf/grf.rf/gntv_or_sync_fifo.gl0.wr/gwhf.whf/overflow, dbg_hub/inst/BSCANID.u_xsdbm_id/CORE_XSDB.UUT_MASTER/U_ICON_INTERFACE/U_CMD6_RD/U_RD_FIFO/SUBCORE_FIFO.xsdbm_v3_0_0_rdfifo_inst/inst_fifo_gen/gconvfifo.rf/grf.rf/gntv_or_sync_fifo.gl0.rd/gras.rsts/ram_empty_i, dbg_hub/inst/BSCANID.u_xsdbm_id/CORE_XSDB.UUT_MASTER/U_ICON_INTERFACE/U_CMD6_WR/U_WR_FIFO/SUBCORE_FIFO.xsdbm_v3_0_0_wrfifo_inst/inst_fifo_gen/gconvfifo.rf/grf.rf/gntv_or_sync_fifo.gl0.wr/gwas.wsts/ram_full_i... and (the first 15 of 47 listed).
INFO: [Vivado 12-3199] DRC finished with 0 Errors, 6 Warnings
INFO: [Vivado 12-3200] Please refer to the DRC report (report_drc) for more information.
INFO: [Designutils 20-2272] Running write_bitstream with 2 threads.
Loading data files...
Loading site data...
Loading route data...
Processing options...
Creating bitmap...
Creating bitstream...
Writing bitstream ./duc_wrapper.bit...
INFO: [Vivado 12-1842] Bitgen Completed Successfully.
INFO: [Project 1-1876] WebTalk data collection is mandatory when using a ULT device. To see the specific WebTalk data collected for your design, open the usage_statistics_webtalk.html or usage_statistics_webtalk.xml file in the implementation directory.
INFO: [Common 17-83] Releasing license: Implementation
48 Infos, 6 Warnings, 0 Critical Warnings and 0 Errors encountered.
write_bitstream completed successfully
write_bitstream: Time (s): cpu = 00:01:05 ; elapsed = 00:00:52 . Memory (MB): peak = 4397.586 ; gain = 210.461
INFO: [Common 17-206] Exiting Vivado at Sat May 30 17:23:09 2026...
