Vivado Simulator v2022.2
Copyright 1986-1999, 2001-2022 Xilinx, Inc. All Rights Reserved.
Running: D:/Xilinx/Vivado/2022.2/bin/unwrapped/win64.o/xelab.exe --incr --debug typical --relax --mt 2 -L xil_defaultlib -L xbip_utils_v3_0_10 -L xbip_pipe_v3_0_6 -L xbip_bram18k_v3_0_6 -L mult_gen_v12_0_18 -L axi_utils_v2_0_6 -L xbip_dsp48_wrapper_v3_0_4 -L xbip_dsp48_addsub_v3_0_6 -L floating_point_v7_0_20 -L xbip_dsp48_mult_v3_0_6 -L xbip_dsp48_multadd_v3_0_6 -L div_gen_v5_1_19 -L c_reg_fd_v12_0_6 -L xbip_addsub_v3_0_6 -L c_addsub_v12_0_14 -L cordic_v6_0_18 -L cmpy_v6_0_21 -L fifo_generator_v13_2_7 -L unisims_ver -L unimacro_ver -L secureip -L xpm --snapshot tb_behav xil_defaultlib.tb xil_defaultlib.glbl -log elaborate.log 
Using 2 slave threads.
Starting static elaboration
Pass Through NonSizing Optimizer
WARNING: [VRFC 10-3091] actual bit length 18 differs from formal bit length 17 for port 'b' [D:/FPGA/Vivaldo Project/Digital_Font_End_LTE/Downlink/DPD/fpga/dpd.srcs/sources_1/new/dpd.v:169]
WARNING: [VRFC 10-3091] actual bit length 18 differs from formal bit length 17 for port 'b' [D:/FPGA/Vivaldo Project/Digital_Font_End_LTE/Downlink/DPD/fpga/dpd.srcs/sources_1/new/dpd.v:170]
Completed static elaboration
Starting simulation data flow analysis
Completed simulation data flow analysis
Time Resolution for simulation is 1ps
Compiling package std.standard
Compiling package std.textio
Compiling package ieee.std_logic_1164
Compiling package ieee.std_logic_arith
Compiling package ieee.std_logic_unsigned
Compiling package synopsys.attributes
Compiling package ieee.std_logic_misc
Compiling package fifo_generator_v13_2_7.fifo_generator_v13_2_7_pkg
Compiling package xpm.vcomponents
Compiling package ieee.numeric_std
Compiling package unisim.vcomponents
Compiling package ieee.vital_timing
Compiling package ieee.vital_primitives
Compiling package unisim.vpkg
Compiling package mult_gen_v12_0_18.mult_gen_v12_0_18_viv_comp
Compiling package xbip_utils_v3_0_10.xbip_utils_v3_0_10_pkg
Compiling package mult_gen_v12_0_18.mult_gen_v12_0_18_pkg
Compiling package ieee.std_logic_signed
Compiling package cmpy_v6_0_21.cmpy_v6_0_21_viv_comp
Compiling package axi_utils_v2_0_6.axi_utils_v2_0_6_pkg
Compiling package cmpy_v6_0_21.cmpy_v6_0_21_pkg
Compiling package mult_gen_v12_0_18.dsp_pkg
Compiling architecture fifo36e2_v of entity unisim.FIFO36E2 [\FIFO36E2(clock_domains="COMMON"...]
Compiling architecture xilinx of entity fifo_generator_v13_2_7.builtin_prim [\builtin_prim(c_din_width=37,c_d...]
Compiling architecture xilinx of entity fifo_generator_v13_2_7.builtin_extdepth [\builtin_extdepth(c_family="8SER...]
Compiling architecture xilinx of entity fifo_generator_v13_2_7.builtin_top [\builtin_top(c_family="8SERIES",...]
Compiling architecture xilinx of entity fifo_generator_v13_2_7.input_blk [\input_blk(c_din_width=37,c_pktf...]
Compiling architecture xilinx of entity fifo_generator_v13_2_7.output_blk [\output_blk(c_dout_width=37,c_pk...]
Compiling architecture xilinx of entity fifo_generator_v13_2_7.fifo_generator_v13_2_7_builtin [\fifo_generator_v13_2_7_builtin(...]
Compiling architecture xilinx of entity fifo_generator_v13_2_7.fifo_generator_top [\fifo_generator_top(c_family="vi...]
Compiling architecture xilinx of entity fifo_generator_v13_2_7.fifo_generator_v13_2_7_synth [\fifo_generator_v13_2_7_synth(c_...]
Compiling module xil_defaultlib.fifo_generator_0
Compiling architecture lut2_v of entity unisim.LUT2 [\LUT2(init="1000")(0,3)\]
Compiling architecture mult_and_v of entity unisim.MULT_AND [mult_and_default]
Compiling architecture muxcy_v of entity unisim.MUXCY [muxcy_default]
Compiling architecture xorcy_v of entity unisim.XORCY [xorcy_default]
Compiling architecture xilinx of entity mult_gen_v12_0_18.op_resize [\op_resize(ao_width=19,bo_width=...]
Compiling architecture xilinx of entity mult_gen_v12_0_18.luts [\luts(c_xdevicefamily="zynquplus...]
Compiling architecture xilinx of entity mult_gen_v12_0_18.mult_gen_v12_0_18_viv [\mult_gen_v12_0_18_viv(c_verbosi...]
Compiling architecture xilinx of entity mult_gen_v12_0_18.mult_gen_v12_0_18 [\mult_gen_v12_0_18(c_xdevicefami...]
Compiling architecture power_mult_arch of entity xil_defaultlib.power_mult [power_mult_default]
Compiling architecture power_mult1_arch of entity xil_defaultlib.power_mult1 [power_mult1_default]
Compiling module xil_defaultlib.power2
Compiling architecture xilinx of entity mult_gen_v12_0_18.op_resize [\op_resize(ai_width=17,bi_width=...]
Compiling architecture xilinx of entity mult_gen_v12_0_18.luts [\luts(c_xdevicefamily="zynquplus...]
Compiling architecture xilinx of entity mult_gen_v12_0_18.mult_gen_v12_0_18_viv [\mult_gen_v12_0_18_viv(c_verbosi...]
Compiling architecture xilinx of entity mult_gen_v12_0_18.mult_gen_v12_0_18 [\mult_gen_v12_0_18(c_xdevicefami...]
Compiling architecture power4_mult_arch of entity xil_defaultlib.power4_mult [power4_mult_default]
Compiling module xil_defaultlib.power4
Compiling module xil_defaultlib.delay(WIDTH=80,DELAY=2)
Compiling module xil_defaultlib.delay(WIDTH=85)
Compiling architecture xilinx of entity mult_gen_v12_0_18.op_resize [\op_resize(bi_width=17,bi_type=1...]
Compiling architecture xilinx of entity mult_gen_v12_0_18.luts [\luts(c_xdevicefamily="zynquplus...]
Compiling architecture xilinx of entity mult_gen_v12_0_18.mult_gen_v12_0_18_viv [\mult_gen_v12_0_18_viv(c_verbosi...]
Compiling architecture xilinx of entity mult_gen_v12_0_18.mult_gen_v12_0_18 [\mult_gen_v12_0_18(c_xdevicefami...]
Compiling architecture basic_mult_arch of entity xil_defaultlib.basic_mult [basic_mult_default]
Compiling module xil_defaultlib.gen_basic
Compiling architecture xilinx of entity cmpy_v6_0_21.delay_line [\delay_line(c_xdevicefamily="zyn...]
Compiling architecture xilinx of entity cmpy_v6_0_21.delay_line [\delay_line(c_xdevicefamily="zyn...]
Compiling architecture xilinx of entity cmpy_v6_0_21.delay_line [\delay_line(c_xdevicefamily="zyn...]
Compiling architecture xilinx of entity cmpy_v6_0_21.delay_line [\delay_line(c_xdevicefamily="zyn...]
Compiling architecture xilinx of entity mult_gen_v12_0_18.delay_line [\delay_line(c_xdevicefamily="zyn...]
Compiling architecture xilinx of entity mult_gen_v12_0_18.delay_line [\delay_line(c_xdevicefamily="zyn...]
Compiling architecture dsp48e2_v of entity unisim.DSP48E2 [\DSP48E2(acascreg=2,alumodereg=0...]
Compiling architecture xilinx of entity mult_gen_v12_0_18.delay_line [\delay_line(c_xdevicefamily="zyn...]
Compiling architecture xilinx of entity mult_gen_v12_0_18.op_resize [\op_resize(ai_width=18,bi_width=...]
Compiling architecture xilinx of entity mult_gen_v12_0_18.dsp [\dsp(c_xdevicefamily="zynquplus"...]
Compiling architecture xilinx of entity cmpy_v6_0_21.cmpy_3_dsp48_mult [\cmpy_3_dsp48_mult(c_xdevicefami...]
Compiling architecture xilinx of entity mult_gen_v12_0_18.delay_line [\delay_line(c_xdevicefamily="zyn...]
Compiling architecture xilinx of entity mult_gen_v12_0_18.delay_line [\delay_line(c_xdevicefamily="zyn...]
Compiling architecture dsp48e2_v of entity unisim.DSP48E2 [\DSP48E2(alumodereg=0,amultsel="...]
Compiling architecture xilinx of entity mult_gen_v12_0_18.dsp [\dsp(c_xdevicefamily="zynquplus"...]
Compiling architecture xilinx of entity cmpy_v6_0_21.cmpy_3_dsp48_mult [\cmpy_3_dsp48_mult(c_xdevicefami...]
Compiling architecture xilinx of entity mult_gen_v12_0_18.dsp [\dsp(c_xdevicefamily="zynquplus"...]
Compiling architecture xilinx of entity cmpy_v6_0_21.cmpy_3_dsp48_mult [\cmpy_3_dsp48_mult(c_xdevicefami...]
Compiling architecture xilinx of entity cmpy_v6_0_21.input_negation [\input_negation(c_xdevicefamily=...]
Compiling architecture xilinx of entity cmpy_v6_0_21.delay_line [\delay_line(c_xdevicefamily="zyn...]
Compiling architecture xilinx of entity cmpy_v6_0_21.delay_line [\delay_line(c_xdevicefamily="zyn...]
Compiling architecture xilinx of entity cmpy_v6_0_21.cmpy_3_dsp48 [\cmpy_3_dsp48(c_xdevicefamily="z...]
Compiling architecture xilinx of entity cmpy_v6_0_21.cmpy_v6_0_21_synth [\cmpy_v6_0_21_synth(c_xdevicefam...]
Compiling architecture xilinx of entity cmpy_v6_0_21.cmpy_v6_0_21_viv [\cmpy_v6_0_21_viv(c_xdevicefamil...]
Compiling architecture xilinx of entity cmpy_v6_0_21.cmpy_v6_0_21 [\cmpy_v6_0_21(c_xdevicefamily="z...]
Compiling architecture term_cmpy_0_arch of entity xil_defaultlib.term_cmpy_0 [term_cmpy_0_default]
Compiling module xil_defaultlib.gen_term_default
Compiling module xil_defaultlib.delay(WIDTH=1,DELAY=12)
Compiling module xil_defaultlib.dpd_default
Compiling module xil_defaultlib.tb
Compiling module xil_defaultlib.glbl
Built simulation snapshot tb_behav
